@!@!@STARTMSG 2262:0 @!@!@
TLC2 Version 2.16 of 31 December 2020 (rev: cdddf55)
@!@!@ENDMSG 2262 @!@!@
@!@!@STARTMSG 2187:0 @!@!@
Running breadth-first search Model-Checking with fp 3 and seed 4908396262257841838 with 4 workers on 8 cores with 587MB heap and 1318MB offheap memory [pid: 11968] (Windows 10 10.0 amd64, AdoptOpenJDK 14.0.1 x86_64, OffHeapDiskFPSet, DiskStateQueue).
@!@!@ENDMSG 2187 @!@!@
@!@!@STARTMSG 2220:0 @!@!@
Starting SANY...
@!@!@ENDMSG 2220 @!@!@
Parsing file C:\tlaplus\workspace\recycler.toolbox\Model_1\MC.tla
Parsing file C:\tlaplus\workspace\recycler.toolbox\Model_1\recycler.tla
Labels added.
Parsing file C:\tlaplus\toolbox\plugins\org.lamport.tlatools_1.0.0.202012311918\tla2sany\StandardModules\TLC.tla
Parsing file C:\tlaplus\toolbox\plugins\org.lamport.tlatools_1.0.0.202012311918\tla2sany\StandardModules\Sequences.tla
Parsing file C:\tlaplus\toolbox\plugins\org.lamport.tlatools_1.0.0.202012311918\tla2sany\StandardModules\Integers.tla
Parsing file C:\tlaplus\toolbox\plugins\org.lamport.tlatools_1.0.0.202012311918\tla2sany\StandardModules\FiniteSets.tla
Parsing file C:\tlaplus\toolbox\plugins\org.lamport.tlatools_1.0.0.202012311918\tla2sany\StandardModules\Naturals.tla
Semantic processing of module Naturals
Semantic processing of module Sequences
Semantic processing of module Integers
Semantic processing of module FiniteSets
Semantic processing of module TLC
Semantic processing of module recycler
Semantic processing of module MC
@!@!@STARTMSG 2219:0 @!@!@
SANY finished.
@!@!@ENDMSG 2219 @!@!@
@!@!@STARTMSG 2185:0 @!@!@
Starting... (2024-05-11 23:14:42)
@!@!@ENDMSG 2185 @!@!@
@!@!@STARTMSG 2189:0 @!@!@
Computing initial states...
@!@!@ENDMSG 2189 @!@!@
@!@!@STARTMSG 2269:0 @!@!@
Computed 2 initial states...
@!@!@ENDMSG 2269 @!@!@
@!@!@STARTMSG 2269:0 @!@!@
Computed 4 initial states...
@!@!@ENDMSG 2269 @!@!@
@!@!@STARTMSG 2269:0 @!@!@
Computed 8 initial states...
@!@!@ENDMSG 2269 @!@!@
@!@!@STARTMSG 2269:0 @!@!@
Computed 16 initial states...
@!@!@ENDMSG 2269 @!@!@
@!@!@STARTMSG 2269:0 @!@!@
Computed 32 initial states...
@!@!@ENDMSG 2269 @!@!@
@!@!@STARTMSG 2269:0 @!@!@
Computed 64 initial states...
@!@!@ENDMSG 2269 @!@!@
@!@!@STARTMSG 2269:0 @!@!@
Computed 128 initial states...
@!@!@ENDMSG 2269 @!@!@
@!@!@STARTMSG 2269:0 @!@!@
Computed 256 initial states...
@!@!@ENDMSG 2269 @!@!@
@!@!@STARTMSG 2269:0 @!@!@
Computed 512 initial states...
@!@!@ENDMSG 2269 @!@!@
@!@!@STARTMSG 2269:0 @!@!@
Computed 1024 initial states...
@!@!@ENDMSG 2269 @!@!@
@!@!@STARTMSG 2269:0 @!@!@
Computed 2048 initial states...
@!@!@ENDMSG 2269 @!@!@
@!@!@STARTMSG 2269:0 @!@!@
Computed 4096 initial states...
@!@!@ENDMSG 2269 @!@!@
@!@!@STARTMSG 2269:0 @!@!@
Computed 8192 initial states...
@!@!@ENDMSG 2269 @!@!@
@!@!@STARTMSG 2269:0 @!@!@
Computed 16384 initial states...
@!@!@ENDMSG 2269 @!@!@
@!@!@STARTMSG 2269:0 @!@!@
Computed 32768 initial states...
@!@!@ENDMSG 2269 @!@!@
@!@!@STARTMSG 2269:0 @!@!@
Computed 65536 initial states...
@!@!@ENDMSG 2269 @!@!@
@!@!@STARTMSG 2269:0 @!@!@
Computed 131072 initial states...
@!@!@ENDMSG 2269 @!@!@
@!@!@STARTMSG 2269:0 @!@!@
Computed 262144 initial states...
@!@!@ENDMSG 2269 @!@!@
@!@!@STARTMSG 2269:0 @!@!@
Computed 524288 initial states...
@!@!@ENDMSG 2269 @!@!@
@!@!@STARTMSG 2269:0 @!@!@
Computed 1048576 initial states...
@!@!@ENDMSG 2269 @!@!@
@!@!@STARTMSG 2190:0 @!@!@
Finished computing initial states: 2073600 distinct states generated at 2024-05-11 23:14:48.
@!@!@ENDMSG 2190 @!@!@
@!@!@STARTMSG 2200:0 @!@!@
Progress(2) at 2024-05-11 23:14:51: 2,795,831 states generated (2,795,831 s/min), 2,795,666 distinct states found (2,795,666 ds/min), 2,073,598 states left on queue.
@!@!@ENDMSG 2200 @!@!@
@!@!@STARTMSG 2132:1 @!@!@
The first argument of Assert evaluated to FALSE; the second argument was:
"Failure of assertion at line 46, column 5."
@!@!@ENDMSG 2132 @!@!@
@!@!@STARTMSG 2121:1 @!@!@
The behavior up to this point is:
@!@!@ENDMSG 2121 @!@!@
@!@!@STARTMSG 2217:4 @!@!@
1: <Initial predicate>
/\ capacity = [trash |-> 1, recycle |-> 3]
/\ curr = ""
/\ bins = [trash |-> {}, recycle |-> {}]
/\ items = << [type |-> "trash", size |-> 1],
   [type |-> "recycle", size |-> 1],
   [type |-> "recycle", size |-> 1],
   [type |-> "trash", size |-> 1] >>
/\ pc = "Lbl_1"
/\ item = { [type |-> "trash", size |-> 1],
  [type |-> "trash", size |-> 2],
  [type |-> "trash", size |-> 3],
  [type |-> "trash", size |-> 4],
  [type |-> "trash", size |-> 5],
  [type |-> "trash", size |-> 6],
  [type |-> "recycle", size |-> 1],
  [type |-> "recycle", size |-> 2],
  [type |-> "recycle", size |-> 3],
  [type |-> "recycle", size |-> 4],
  [type |-> "recycle", size |-> 5],
  [type |-> "recycle", size |-> 6] }
/\ count = [trash |-> 0, recycle |-> 0]

@!@!@ENDMSG 2217 @!@!@
@!@!@STARTMSG 2217:4 @!@!@
2: <Lbl_1 line 62, col 10 to line 87, col 24 of module recycler>
/\ capacity = [trash |-> 1, recycle |-> 3]
/\ curr = [type |-> "trash", size |-> 1]
/\ bins = [trash |-> {}, recycle |-> {}]
/\ items = << [type |-> "recycle", size |-> 1],
   [type |-> "recycle", size |-> 1],
   [type |-> "trash", size |-> 1] >>
/\ pc = "Lbl_1"
/\ item = { [type |-> "trash", size |-> 1],
  [type |-> "trash", size |-> 2],
  [type |-> "trash", size |-> 3],
  [type |-> "trash", size |-> 4],
  [type |-> "trash", size |-> 5],
  [type |-> "trash", size |-> 6],
  [type |-> "recycle", size |-> 1],
  [type |-> "recycle", size |-> 2],
  [type |-> "recycle", size |-> 3],
  [type |-> "recycle", size |-> 4],
  [type |-> "recycle", size |-> 5],
  [type |-> "recycle", size |-> 6] }
/\ count = [trash |-> 0, recycle |-> 0]

@!@!@ENDMSG 2217 @!@!@
@!@!@STARTMSG 2217:4 @!@!@
3: <Lbl_1 line 62, col 10 to line 87, col 24 of module recycler>
/\ capacity = [trash |-> 1, recycle |-> 2]
/\ curr = [type |-> "recycle", size |-> 1]
/\ bins = [trash |-> {}, recycle |-> {[type |-> "recycle", size |-> 1]}]
/\ items = <<[type |-> "recycle", size |-> 1], [type |-> "trash", size |-> 1]>>
/\ pc = "Lbl_1"
/\ item = { [type |-> "trash", size |-> 1],
  [type |-> "trash", size |-> 2],
  [type |-> "trash", size |-> 3],
  [type |-> "trash", size |-> 4],
  [type |-> "trash", size |-> 5],
  [type |-> "trash", size |-> 6],
  [type |-> "recycle", size |-> 1],
  [type |-> "recycle", size |-> 2],
  [type |-> "recycle", size |-> 3],
  [type |-> "recycle", size |-> 4],
  [type |-> "recycle", size |-> 5],
  [type |-> "recycle", size |-> 6] }
/\ count = [trash |-> 0, recycle |-> 1]

@!@!@ENDMSG 2217 @!@!@
@!@!@STARTMSG 2217:4 @!@!@
4: <Lbl_1 line 62, col 10 to line 87, col 24 of module recycler>
/\ capacity = [trash |-> 1, recycle |-> 1]
/\ curr = [type |-> "recycle", size |-> 1]
/\ bins = [trash |-> {}, recycle |-> {[type |-> "recycle", size |-> 1]}]
/\ items = <<[type |-> "trash", size |-> 1]>>
/\ pc = "Lbl_1"
/\ item = { [type |-> "trash", size |-> 1],
  [type |-> "trash", size |-> 2],
  [type |-> "trash", size |-> 3],
  [type |-> "trash", size |-> 4],
  [type |-> "trash", size |-> 5],
  [type |-> "trash", size |-> 6],
  [type |-> "recycle", size |-> 1],
  [type |-> "recycle", size |-> 2],
  [type |-> "recycle", size |-> 3],
  [type |-> "recycle", size |-> 4],
  [type |-> "recycle", size |-> 5],
  [type |-> "recycle", size |-> 6] }
/\ count = [trash |-> 0, recycle |-> 2]

@!@!@ENDMSG 2217 @!@!@
@!@!@STARTMSG 2217:4 @!@!@
5: <Lbl_1 line 62, col 10 to line 87, col 24 of module recycler>
/\ capacity = [trash |-> 1, recycle |-> 1]
/\ curr = [type |-> "trash", size |-> 1]
/\ bins = [trash |-> {}, recycle |-> {[type |-> "recycle", size |-> 1]}]
/\ items = <<>>
/\ pc = "Lbl_1"
/\ item = { [type |-> "trash", size |-> 1],
  [type |-> "trash", size |-> 2],
  [type |-> "trash", size |-> 3],
  [type |-> "trash", size |-> 4],
  [type |-> "trash", size |-> 5],
  [type |-> "trash", size |-> 6],
  [type |-> "recycle", size |-> 1],
  [type |-> "recycle", size |-> 2],
  [type |-> "recycle", size |-> 3],
  [type |-> "recycle", size |-> 4],
  [type |-> "recycle", size |-> 5],
  [type |-> "recycle", size |-> 6] }
/\ count = [trash |-> 0, recycle |-> 2]

@!@!@ENDMSG 2217 @!@!@
@!@!@STARTMSG 2103:1 @!@!@
The error occurred when TLC was evaluating the nested
expressions at the following positions:
0. Line 62, column 10 to line 87, column 24 in recycler
1. Line 62, column 13 to line 62, column 24 in recycler
2. Line 63, column 13 to line 86, column 73 in recycler
3. Line 79, column 21 to line 86, column 73 in recycler
4. Line 79, column 24 to line 80, column 75 in recycler
5. Line 81, column 24 to line 82, column 75 in recycler
6. Line 83, column 24 to line 84, column 75 in recycler


@!@!@ENDMSG 2103 @!@!@
@!@!@STARTMSG 2201:0 @!@!@
The coverage statistics at 2024-05-11 23:15:05
@!@!@ENDMSG 2201 @!@!@
@!@!@STARTMSG 2773:0 @!@!@
<Init line 53, col 1 to line 53, col 4 of module recycler>: 4147200:4147200
@!@!@ENDMSG 2773 @!@!@
@!@!@STARTMSG 2221:0 @!@!@
  line 54, col 12 to line 54, col 54 of module recycler: 2
@!@!@ENDMSG 2221 @!@!@
@!@!@STARTMSG 2221:0 @!@!@
  line 55, col 12 to line 55, col 48 of module recycler: 200
@!@!@ENDMSG 2221 @!@!@
@!@!@STARTMSG 2221:0 @!@!@
  line 56, col 12 to line 56, col 47 of module recycler: 200
@!@!@ENDMSG 2221 @!@!@
@!@!@STARTMSG 2221:0 @!@!@
  line 57, col 12 to line 57, col 58 of module recycler: 200
@!@!@ENDMSG 2221 @!@!@
@!@!@STARTMSG 2221:0 @!@!@
  line 58, col 12 to line 58, col 49 of module recycler: 200
@!@!@ENDMSG 2221 @!@!@
@!@!@STARTMSG 2221:0 @!@!@
  line 60, col 12 to line 60, col 23 of module recycler: 4147200
@!@!@ENDMSG 2221 @!@!@
@!@!@STARTMSG 2772:0 @!@!@
<Lbl_1 line 62, col 1 to line 62, col 5 of module recycler>: 4504421:6416161
@!@!@ENDMSG 2772 @!@!@
@!@!@STARTMSG 2221:0 @!@!@
  line 62, col 13 to line 62, col 24 of module recycler: 12832327
@!@!@ENDMSG 2221 @!@!@
@!@!@STARTMSG 2221:0 @!@!@
  |line 62, col 13 to line 62, col 14 of module recycler: 6416166
@!@!@ENDMSG 2221 @!@!@
@!@!@STARTMSG 2221:0 @!@!@
  line 63, col 16 to line 63, col 28 of module recycler: 6416166
@!@!@ENDMSG 2221 @!@!@
@!@!@STARTMSG 2221:0 @!@!@
  line 64, col 24 to line 64, col 42 of module recycler: 6416092
@!@!@ENDMSG 2221 @!@!@
@!@!@STARTMSG 2221:0 @!@!@
  line 65, col 24 to line 65, col 43 of module recycler: 6416092
@!@!@ENDMSG 2221 @!@!@
@!@!@STARTMSG 2221:0 @!@!@
  line 66, col 27 to line 67, col 59 of module recycler: 6416092
@!@!@ENDMSG 2221 @!@!@
@!@!@STARTMSG 2221:0 @!@!@
  |line 66, col 27 to line 66, col 48 of module recycler: 6416092
@!@!@ENDMSG 2221 @!@!@
@!@!@STARTMSG 2221:0 @!@!@
  |line 67, col 31 to line 67, col 59 of module recycler: 3208046
@!@!@ENDMSG 2221 @!@!@
@!@!@STARTMSG 2221:0 @!@!@
  line 68, col 32 to line 70, col 93 of module recycler: 1682698
@!@!@ENDMSG 2221 @!@!@
@!@!@STARTMSG 2221:0 @!@!@
  line 71, col 38 to line 71, col 64 of module recycler: 4733394
@!@!@ENDMSG 2221 @!@!@
@!@!@STARTMSG 2221:0 @!@!@
  line 72, col 43 to line 74, col 100 of module recycler: 2166836
@!@!@ENDMSG 2221 @!@!@
@!@!@STARTMSG 2221:0 @!@!@
  line 75, col 46 to line 75, col 49 of module recycler: 2566558
@!@!@ENDMSG 2221 @!@!@
@!@!@STARTMSG 2221:0 @!@!@
  line 76, col 46 to line 77, col 66 of module recycler: 2566558
@!@!@ENDMSG 2221 @!@!@
@!@!@STARTMSG 2221:0 @!@!@
  line 78, col 24 to line 78, col 36 of module recycler: 6416092
@!@!@ENDMSG 2221 @!@!@
@!@!@STARTMSG 2221:0 @!@!@
  line 79, col 24 to line 80, col 75 of module recycler: 69
@!@!@ENDMSG 2221 @!@!@
@!@!@STARTMSG 2221:0 @!@!@
  |line 79, col 31 to line 79, col 74 of module recycler: 74
@!@!@ENDMSG 2221 @!@!@
@!@!@STARTMSG 2221:0 @!@!@
  line 81, col 24 to line 82, col 75 of module recycler: 69
@!@!@ENDMSG 2221 @!@!@
@!@!@STARTMSG 2221:0 @!@!@
  |line 81, col 31 to line 81, col 67 of module recycler: 74
@!@!@ENDMSG 2221 @!@!@
@!@!@STARTMSG 2221:0 @!@!@
  line 83, col 24 to line 84, col 75 of module recycler: 69
@!@!@ENDMSG 2221 @!@!@
@!@!@STARTMSG 2221:0 @!@!@
  |line 83, col 31 to line 83, col 71 of module recycler: 74
@!@!@ENDMSG 2221 @!@!@
@!@!@STARTMSG 2221:0 @!@!@
  line 85, col 24 to line 85, col 35 of module recycler: 69
@!@!@ENDMSG 2221 @!@!@
@!@!@STARTMSG 2221:0 @!@!@
  line 86, col 24 to line 86, col 73 of module recycler: 69
@!@!@ENDMSG 2221 @!@!@
@!@!@STARTMSG 2221:0 @!@!@
  line 87, col 13 to line 87, col 24 of module recycler: 6416161
@!@!@ENDMSG 2221 @!@!@
@!@!@STARTMSG 2772:0 @!@!@
<Terminating line 90, col 1 to line 90, col 11 of module recycler>: 0:0
@!@!@ENDMSG 2772 @!@!@
@!@!@STARTMSG 2221:0 @!@!@
  line 90, col 16 to line 90, col 26 of module recycler: 6416157
@!@!@ENDMSG 2221 @!@!@
@!@!@STARTMSG 2221:0 @!@!@
  line 90, col 31 to line 90, col 44 of module recycler: 0
@!@!@ENDMSG 2221 @!@!@
@!@!@STARTMSG 2202:0 @!@!@
End of statistics.
@!@!@ENDMSG 2202 @!@!@
@!@!@STARTMSG 2200:0 @!@!@
Progress(6) at 2024-05-11 23:15:05: 8,489,757 states generated (22,238,078 s/min), 6,578,021 distinct states found (17,230,474 ds/min), 161,860 states left on queue.
@!@!@ENDMSG 2200 @!@!@
@!@!@STARTMSG 2199:0 @!@!@
8489757 states generated, 6578021 distinct states found, 161860 states left on queue.
@!@!@ENDMSG 2199 @!@!@
@!@!@STARTMSG 2186:0 @!@!@
Finished in 22939ms at (2024-05-11 23:15:05)
@!@!@ENDMSG 2186 @!@!@
