@!@!@STARTMSG 2262:0 @!@!@
TLC2 Version 2.16 of 31 December 2020 (rev: cdddf55)
@!@!@ENDMSG 2262 @!@!@
@!@!@STARTMSG 2187:0 @!@!@
Running breadth-first search Model-Checking with fp 19 and seed 3120728057120579453 with 4 workers on 8 cores with 587MB heap and 1318MB offheap memory [pid: 16368] (Windows 10 10.0 amd64, AdoptOpenJDK 14.0.1 x86_64, OffHeapDiskFPSet, DiskStateQueue).
@!@!@ENDMSG 2187 @!@!@
@!@!@STARTMSG 2220:0 @!@!@
Starting SANY...
@!@!@ENDMSG 2220 @!@!@
Parsing file C:\tlaplus\workspace\recycler.toolbox\Model_1\MC.tla
Parsing file C:\tlaplus\workspace\recycler.toolbox\Model_1\recycler.tla
Labels added.
Parsing file C:\tlaplus\toolbox\plugins\org.lamport.tlatools_1.0.0.202012311918\tla2sany\StandardModules\TLC.tla
Parsing file C:\tlaplus\toolbox\plugins\org.lamport.tlatools_1.0.0.202012311918\tla2sany\StandardModules\Sequences.tla
Parsing file C:\tlaplus\toolbox\plugins\org.lamport.tlatools_1.0.0.202012311918\tla2sany\StandardModules\Integers.tla
Parsing file C:\tlaplus\toolbox\plugins\org.lamport.tlatools_1.0.0.202012311918\tla2sany\StandardModules\FiniteSets.tla
Parsing file C:\tlaplus\toolbox\plugins\org.lamport.tlatools_1.0.0.202012311918\tla2sany\StandardModules\Naturals.tla
Semantic processing of module Naturals
Semantic processing of module Sequences
Semantic processing of module Integers
Semantic processing of module FiniteSets
Semantic processing of module TLC
Semantic processing of module recycler
Semantic processing of module MC
@!@!@STARTMSG 2219:0 @!@!@
SANY finished.
@!@!@ENDMSG 2219 @!@!@
@!@!@STARTMSG 2185:0 @!@!@
Starting... (2024-05-11 23:13:16)
@!@!@ENDMSG 2185 @!@!@
@!@!@STARTMSG 2189:0 @!@!@
Computing initial states...
@!@!@ENDMSG 2189 @!@!@
@!@!@STARTMSG 2269:0 @!@!@
Computed 2 initial states...
@!@!@ENDMSG 2269 @!@!@
@!@!@STARTMSG 2269:0 @!@!@
Computed 4 initial states...
@!@!@ENDMSG 2269 @!@!@
@!@!@STARTMSG 2269:0 @!@!@
Computed 8 initial states...
@!@!@ENDMSG 2269 @!@!@
@!@!@STARTMSG 2269:0 @!@!@
Computed 16 initial states...
@!@!@ENDMSG 2269 @!@!@
@!@!@STARTMSG 2269:0 @!@!@
Computed 32 initial states...
@!@!@ENDMSG 2269 @!@!@
@!@!@STARTMSG 2269:0 @!@!@
Computed 64 initial states...
@!@!@ENDMSG 2269 @!@!@
@!@!@STARTMSG 2269:0 @!@!@
Computed 128 initial states...
@!@!@ENDMSG 2269 @!@!@
@!@!@STARTMSG 2269:0 @!@!@
Computed 256 initial states...
@!@!@ENDMSG 2269 @!@!@
@!@!@STARTMSG 2269:0 @!@!@
Computed 512 initial states...
@!@!@ENDMSG 2269 @!@!@
@!@!@STARTMSG 2269:0 @!@!@
Computed 1024 initial states...
@!@!@ENDMSG 2269 @!@!@
@!@!@STARTMSG 2269:0 @!@!@
Computed 2048 initial states...
@!@!@ENDMSG 2269 @!@!@
@!@!@STARTMSG 2269:0 @!@!@
Computed 4096 initial states...
@!@!@ENDMSG 2269 @!@!@
@!@!@STARTMSG 2269:0 @!@!@
Computed 8192 initial states...
@!@!@ENDMSG 2269 @!@!@
@!@!@STARTMSG 2269:0 @!@!@
Computed 16384 initial states...
@!@!@ENDMSG 2269 @!@!@
@!@!@STARTMSG 2190:0 @!@!@
Finished computing initial states: 20736 distinct states generated at 2024-05-11 23:13:17.
@!@!@ENDMSG 2190 @!@!@
@!@!@STARTMSG 2132:1 @!@!@
The first argument of Assert evaluated to FALSE; the second argument was:
"Failure of assertion at line 44, column 5."
@!@!@ENDMSG 2132 @!@!@
@!@!@STARTMSG 2121:1 @!@!@
The behavior up to this point is:
@!@!@ENDMSG 2121 @!@!@
@!@!@STARTMSG 2217:4 @!@!@
1: <Initial predicate>
/\ capacity = [trash |-> 10, recycle |-> 10]
/\ curr = ""
/\ bins = [trash |-> {}, recycle |-> {}]
/\ items = << [type |-> "trash", size |-> 1],
   [type |-> "trash", size |-> 1],
   [type |-> "trash", size |-> 1],
   [type |-> "trash", size |-> 3] >>
/\ pc = "Lbl_1"
/\ item = { [type |-> "trash", size |-> 1],
  [type |-> "trash", size |-> 2],
  [type |-> "trash", size |-> 3],
  [type |-> "trash", size |-> 4],
  [type |-> "trash", size |-> 5],
  [type |-> "trash", size |-> 6],
  [type |-> "recycle", size |-> 1],
  [type |-> "recycle", size |-> 2],
  [type |-> "recycle", size |-> 3],
  [type |-> "recycle", size |-> 4],
  [type |-> "recycle", size |-> 5],
  [type |-> "recycle", size |-> 6] }
/\ count = [trash |-> 0, recycle |-> 0]

@!@!@ENDMSG 2217 @!@!@
@!@!@STARTMSG 2217:4 @!@!@
2: <Lbl_1 line 61, col 10 to line 86, col 24 of module recycler>
/\ capacity = [trash |-> 9, recycle |-> 10]
/\ curr = [type |-> "trash", size |-> 1]
/\ bins = [trash |-> {[type |-> "trash", size |-> 1]}, recycle |-> {}]
/\ items = << [type |-> "trash", size |-> 1],
   [type |-> "trash", size |-> 1],
   [type |-> "trash", size |-> 3] >>
/\ pc = "Lbl_1"
/\ item = { [type |-> "trash", size |-> 1],
  [type |-> "trash", size |-> 2],
  [type |-> "trash", size |-> 3],
  [type |-> "trash", size |-> 4],
  [type |-> "trash", size |-> 5],
  [type |-> "trash", size |-> 6],
  [type |-> "recycle", size |-> 1],
  [type |-> "recycle", size |-> 2],
  [type |-> "recycle", size |-> 3],
  [type |-> "recycle", size |-> 4],
  [type |-> "recycle", size |-> 5],
  [type |-> "recycle", size |-> 6] }
/\ count = [trash |-> 1, recycle |-> 0]

@!@!@ENDMSG 2217 @!@!@
@!@!@STARTMSG 2217:4 @!@!@
3: <Lbl_1 line 61, col 10 to line 86, col 24 of module recycler>
/\ capacity = [trash |-> 8, recycle |-> 10]
/\ curr = [type |-> "trash", size |-> 1]
/\ bins = [trash |-> {[type |-> "trash", size |-> 1]}, recycle |-> {}]
/\ items = <<[type |-> "trash", size |-> 1], [type |-> "trash", size |-> 3]>>
/\ pc = "Lbl_1"
/\ item = { [type |-> "trash", size |-> 1],
  [type |-> "trash", size |-> 2],
  [type |-> "trash", size |-> 3],
  [type |-> "trash", size |-> 4],
  [type |-> "trash", size |-> 5],
  [type |-> "trash", size |-> 6],
  [type |-> "recycle", size |-> 1],
  [type |-> "recycle", size |-> 2],
  [type |-> "recycle", size |-> 3],
  [type |-> "recycle", size |-> 4],
  [type |-> "recycle", size |-> 5],
  [type |-> "recycle", size |-> 6] }
/\ count = [trash |-> 2, recycle |-> 0]

@!@!@ENDMSG 2217 @!@!@
@!@!@STARTMSG 2217:4 @!@!@
4: <Lbl_1 line 61, col 10 to line 86, col 24 of module recycler>
/\ capacity = [trash |-> 7, recycle |-> 10]
/\ curr = [type |-> "trash", size |-> 1]
/\ bins = [trash |-> {[type |-> "trash", size |-> 1]}, recycle |-> {}]
/\ items = <<[type |-> "trash", size |-> 3]>>
/\ pc = "Lbl_1"
/\ item = { [type |-> "trash", size |-> 1],
  [type |-> "trash", size |-> 2],
  [type |-> "trash", size |-> 3],
  [type |-> "trash", size |-> 4],
  [type |-> "trash", size |-> 5],
  [type |-> "trash", size |-> 6],
  [type |-> "recycle", size |-> 1],
  [type |-> "recycle", size |-> 2],
  [type |-> "recycle", size |-> 3],
  [type |-> "recycle", size |-> 4],
  [type |-> "recycle", size |-> 5],
  [type |-> "recycle", size |-> 6] }
/\ count = [trash |-> 3, recycle |-> 0]

@!@!@ENDMSG 2217 @!@!@
@!@!@STARTMSG 2217:4 @!@!@
5: <Lbl_1 line 61, col 10 to line 86, col 24 of module recycler>
/\ capacity = [trash |-> 4, recycle |-> 10]
/\ curr = [type |-> "trash", size |-> 3]
/\ bins = [ trash |-> {[type |-> "trash", size |-> 1], [type |-> "trash", size |-> 3]},
  recycle |-> {} ]
/\ items = <<>>
/\ pc = "Lbl_1"
/\ item = { [type |-> "trash", size |-> 1],
  [type |-> "trash", size |-> 2],
  [type |-> "trash", size |-> 3],
  [type |-> "trash", size |-> 4],
  [type |-> "trash", size |-> 5],
  [type |-> "trash", size |-> 6],
  [type |-> "recycle", size |-> 1],
  [type |-> "recycle", size |-> 2],
  [type |-> "recycle", size |-> 3],
  [type |-> "recycle", size |-> 4],
  [type |-> "recycle", size |-> 5],
  [type |-> "recycle", size |-> 6] }
/\ count = [trash |-> 4, recycle |-> 0]

@!@!@ENDMSG 2217 @!@!@
@!@!@STARTMSG 2103:1 @!@!@
The error occurred when TLC was evaluating the nested
expressions at the following positions:
0. Line 61, column 10 to line 86, column 24 in recycler
1. Line 61, column 13 to line 61, column 24 in recycler
2. Line 62, column 13 to line 85, column 73 in recycler
3. Line 78, column 21 to line 85, column 73 in recycler
4. Line 78, column 24 to line 79, column 75 in recycler
5. Line 80, column 24 to line 81, column 75 in recycler


@!@!@ENDMSG 2103 @!@!@
@!@!@STARTMSG 2201:0 @!@!@
The coverage statistics at 2024-05-11 23:13:18
@!@!@ENDMSG 2201 @!@!@
@!@!@STARTMSG 2773:0 @!@!@
<Init line 52, col 1 to line 52, col 4 of module recycler>: 41472:41472
@!@!@ENDMSG 2773 @!@!@
@!@!@STARTMSG 2221:0 @!@!@
  line 53, col 12 to line 53, col 52 of module recycler: 2
@!@!@ENDMSG 2221 @!@!@
@!@!@STARTMSG 2221:0 @!@!@
  line 54, col 12 to line 54, col 48 of module recycler: 2
@!@!@ENDMSG 2221 @!@!@
@!@!@STARTMSG 2221:0 @!@!@
  line 55, col 12 to line 55, col 47 of module recycler: 2
@!@!@ENDMSG 2221 @!@!@
@!@!@STARTMSG 2221:0 @!@!@
  line 56, col 12 to line 56, col 58 of module recycler: 2
@!@!@ENDMSG 2221 @!@!@
@!@!@STARTMSG 2221:0 @!@!@
  line 57, col 12 to line 57, col 49 of module recycler: 2
@!@!@ENDMSG 2221 @!@!@
@!@!@STARTMSG 2221:0 @!@!@
  line 59, col 12 to line 59, col 23 of module recycler: 41472
@!@!@ENDMSG 2221 @!@!@
@!@!@STARTMSG 2772:0 @!@!@
<Lbl_1 line 61, col 1 to line 61, col 5 of module recycler>: 56972:73443
@!@!@ENDMSG 2772 @!@!@
@!@!@STARTMSG 2221:0 @!@!@
  line 61, col 13 to line 61, col 24 of module recycler: 146891
@!@!@ENDMSG 2221 @!@!@
@!@!@STARTMSG 2221:0 @!@!@
  |line 61, col 13 to line 61, col 14 of module recycler: 73448
@!@!@ENDMSG 2221 @!@!@
@!@!@STARTMSG 2221:0 @!@!@
  line 62, col 16 to line 62, col 28 of module recycler: 73448
@!@!@ENDMSG 2221 @!@!@
@!@!@STARTMSG 2221:0 @!@!@
  line 63, col 24 to line 63, col 42 of module recycler: 73443
@!@!@ENDMSG 2221 @!@!@
@!@!@STARTMSG 2221:0 @!@!@
  line 64, col 24 to line 64, col 43 of module recycler: 73443
@!@!@ENDMSG 2221 @!@!@
@!@!@STARTMSG 2221:0 @!@!@
  line 65, col 27 to line 66, col 59 of module recycler: 73443
@!@!@ENDMSG 2221 @!@!@
@!@!@STARTMSG 2221:0 @!@!@
  |line 65, col 27 to line 65, col 48 of module recycler: 73443
@!@!@ENDMSG 2221 @!@!@
@!@!@STARTMSG 2221:0 @!@!@
  |line 66, col 31 to line 66, col 59 of module recycler: 36719
@!@!@ENDMSG 2221 @!@!@
@!@!@STARTMSG 2221:0 @!@!@
  line 67, col 32 to line 69, col 93 of module recycler: 31650
@!@!@ENDMSG 2221 @!@!@
@!@!@STARTMSG 2221:0 @!@!@
  line 70, col 38 to line 70, col 64 of module recycler: 41793
@!@!@ENDMSG 2221 @!@!@
@!@!@STARTMSG 2221:0 @!@!@
  line 71, col 43 to line 73, col 100 of module recycler: 35033
@!@!@ENDMSG 2221 @!@!@
@!@!@STARTMSG 2221:0 @!@!@
  line 74, col 46 to line 74, col 49 of module recycler: 6760
@!@!@ENDMSG 2221 @!@!@
@!@!@STARTMSG 2221:0 @!@!@
  line 75, col 46 to line 76, col 66 of module recycler: 6760
@!@!@ENDMSG 2221 @!@!@
@!@!@STARTMSG 2221:0 @!@!@
  line 77, col 24 to line 77, col 36 of module recycler: 73443
@!@!@ENDMSG 2221 @!@!@
@!@!@STARTMSG 2221:0 @!@!@
  line 78, col 24 to line 79, col 75 of module recycler: 5
@!@!@ENDMSG 2221 @!@!@
@!@!@STARTMSG 2221:0 @!@!@
  line 80, col 24 to line 81, col 75 of module recycler: 5
@!@!@ENDMSG 2221 @!@!@
@!@!@STARTMSG 2221:0 @!@!@
  line 84, col 24 to line 84, col 35 of module recycler: 0
@!@!@ENDMSG 2221 @!@!@
@!@!@STARTMSG 2221:0 @!@!@
  line 85, col 24 to line 85, col 73 of module recycler: 0
@!@!@ENDMSG 2221 @!@!@
@!@!@STARTMSG 2221:0 @!@!@
  line 86, col 13 to line 86, col 24 of module recycler: 73443
@!@!@ENDMSG 2221 @!@!@
@!@!@STARTMSG 2772:0 @!@!@
<Terminating line 89, col 1 to line 89, col 11 of module recycler>: 0:0
@!@!@ENDMSG 2772 @!@!@
@!@!@STARTMSG 2221:0 @!@!@
  line 89, col 16 to line 89, col 26 of module recycler: 73439
@!@!@ENDMSG 2221 @!@!@
@!@!@STARTMSG 2221:0 @!@!@
  line 89, col 31 to line 89, col 44 of module recycler: 0
@!@!@ENDMSG 2221 @!@!@
@!@!@STARTMSG 2202:0 @!@!@
End of statistics.
@!@!@ENDMSG 2202 @!@!@
@!@!@STARTMSG 2200:0 @!@!@
Progress(5) at 2024-05-11 23:13:18: 94,175 states generated (2,525,927 s/min), 77,708 distinct states found (2,084,255 ds/min), 4,265 states left on queue.
@!@!@ENDMSG 2200 @!@!@
@!@!@STARTMSG 2199:0 @!@!@
94175 states generated, 77708 distinct states found, 4265 states left on queue.
@!@!@ENDMSG 2199 @!@!@
@!@!@STARTMSG 2186:0 @!@!@
Finished in 2254ms at (2024-05-11 23:13:18)
@!@!@ENDMSG 2186 @!@!@
