@!@!@STARTMSG 2262:0 @!@!@
TLC2 Version 2.16 of 31 December 2020 (rev: cdddf55)
@!@!@ENDMSG 2262 @!@!@
@!@!@STARTMSG 2187:0 @!@!@
Running breadth-first search Model-Checking with fp 63 and seed 3849999987488191351 with 4 workers on 8 cores with 1195MB heap and 2683MB offheap memory [pid: 4796] (Windows 10 10.0 amd64, AdoptOpenJDK 14.0.1 x86_64, OffHeapDiskFPSet, DiskStateQueue).
@!@!@ENDMSG 2187 @!@!@
@!@!@STARTMSG 2220:0 @!@!@
Starting SANY...
@!@!@ENDMSG 2220 @!@!@
Parsing file C:\tlaplus\workspace\NP1.toolbox\Model_1\MC.tla
Parsing file C:\tlaplus\workspace\NP1.toolbox\Model_1\NP1.tla
Labels added.
Parsing file C:\tlaplus\toolbox\plugins\org.lamport.tlatools_1.0.0.202012311918\tla2sany\StandardModules\TLC.tla
Parsing file C:\tlaplus\toolbox\plugins\org.lamport.tlatools_1.0.0.202012311918\tla2sany\StandardModules\Sequences.tla
Parsing file C:\tlaplus\toolbox\plugins\org.lamport.tlatools_1.0.0.202012311918\tla2sany\StandardModules\Integers.tla
Parsing file C:\tlaplus\toolbox\plugins\org.lamport.tlatools_1.0.0.202012311918\tla2sany\StandardModules\FiniteSets.tla
Parsing file C:\tlaplus\toolbox\plugins\org.lamport.tlatools_1.0.0.202012311918\tla2sany\StandardModules\Naturals.tla
Parsing file C:\tlaplus\libs\PT.tla
Semantic processing of module Naturals
Semantic processing of module Sequences
Semantic processing of module Integers
Semantic processing of module FiniteSets
Semantic processing of module TLC
Semantic processing of module PT
Semantic processing of module NP1
Semantic processing of module MC
@!@!@STARTMSG 2219:0 @!@!@
SANY finished.
@!@!@ENDMSG 2219 @!@!@
@!@!@STARTMSG 2185:0 @!@!@
Starting... (2024-05-19 16:02:23)
@!@!@ENDMSG 2185 @!@!@
<< "$!@$!@$!@$!@$!",
   { {(i1 :> 0 @@ i2 :> 0 @@ i3 :> 1)},
     {(i1 :> 0 @@ i2 :> 0 @@ i3 :> 2)},
     {(i1 :> 0 @@ i2 :> 0 @@ i3 :> 3)},
     {(i1 :> 0 @@ i2 :> 1 @@ i3 :> 0)},
     {(i1 :> 0 @@ i2 :> 1 @@ i3 :> 1)},
     {(i1 :> 0 @@ i2 :> 1 @@ i3 :> 2)},
     {(i1 :> 0 @@ i2 :> 2 @@ i3 :> 0)},
     {(i1 :> 0 @@ i2 :> 2 @@ i3 :> 1)},
     {(i1 :> 0 @@ i2 :> 3 @@ i3 :> 0)},
     {(i1 :> 1 @@ i2 :> 0 @@ i3 :> 0)},
     {(i1 :> 1 @@ i2 :> 0 @@ i3 :> 1)},
     {(i1 :> 1 @@ i2 :> 0 @@ i3 :> 2)},
     {(i1 :> 1 @@ i2 :> 1 @@ i3 :> 0)},
     {(i1 :> 1 @@ i2 :> 2 @@ i3 :> 0)},
     {(i1 :> 2 @@ i2 :> 0 @@ i3 :> 0)},
     {(i1 :> 2 @@ i2 :> 0 @@ i3 :> 1)},
     {(i1 :> 2 @@ i2 :> 1 @@ i3 :> 0)},
     {(i1 :> 3 @@ i2 :> 0 @@ i3 :> 0)},
     {(i1 :> 0 @@ i2 :> 0 @@ i3 :> 1), (i1 :> 0 @@ i2 :> 1 @@ i3 :> 0)},
     {(i1 :> 0 @@ i2 :> 0 @@ i3 :> 1), (i1 :> 0 @@ i2 :> 1 @@ i3 :> 1)},
     {(i1 :> 0 @@ i2 :> 0 @@ i3 :> 1), (i1 :> 1 @@ i2 :> 0 @@ i3 :> 0)},
     {(i1 :> 0 @@ i2 :> 0 @@ i3 :> 1), (i1 :> 1 @@ i2 :> 0 @@ i3 :> 1)},
     {(i1 :> 0 @@ i2 :> 0 @@ i3 :> 2), (i1 :> 0 @@ i2 :> 1 @@ i3 :> 1)},
     {(i1 :> 0 @@ i2 :> 0 @@ i3 :> 2), (i1 :> 0 @@ i2 :> 2 @@ i3 :> 1)},
     {(i1 :> 0 @@ i2 :> 0 @@ i3 :> 2), (i1 :> 1 @@ i2 :> 0 @@ i3 :> 1)},
     {(i1 :> 0 @@ i2 :> 0 @@ i3 :> 2), (i1 :> 2 @@ i2 :> 0 @@ i3 :> 1)},
     {(i1 :> 0 @@ i2 :> 0 @@ i3 :> 3), (i1 :> 0 @@ i2 :> 1 @@ i3 :> 1)},
     {(i1 :> 0 @@ i2 :> 0 @@ i3 :> 3), (i1 :> 0 @@ i2 :> 1 @@ i3 :> 2)},
     {(i1 :> 0 @@ i2 :> 0 @@ i3 :> 3), (i1 :> 1 @@ i2 :> 0 @@ i3 :> 1)},
     {(i1 :> 0 @@ i2 :> 0 @@ i3 :> 3), (i1 :> 1 @@ i2 :> 0 @@ i3 :> 2)},
     {(i1 :> 0 @@ i2 :> 1 @@ i3 :> 0), (i1 :> 0 @@ i2 :> 1 @@ i3 :> 1)},
     {(i1 :> 0 @@ i2 :> 1 @@ i3 :> 0), (i1 :> 1 @@ i2 :> 0 @@ i3 :> 0)},
     {(i1 :> 0 @@ i2 :> 1 @@ i3 :> 0), (i1 :> 1 @@ i2 :> 1 @@ i3 :> 0)},
     {(i1 :> 0 @@ i2 :> 1 @@ i3 :> 1), (i1 :> 0 @@ i2 :> 2 @@ i3 :> 0)},
     {(i1 :> 0 @@ i2 :> 1 @@ i3 :> 1), (i1 :> 0 @@ i2 :> 3 @@ i3 :> 0)},
     {(i1 :> 0 @@ i2 :> 1 @@ i3 :> 1), (i1 :> 1 @@ i2 :> 0 @@ i3 :> 1)},
     {(i1 :> 0 @@ i2 :> 1 @@ i3 :> 1), (i1 :> 1 @@ i2 :> 1 @@ i3 :> 0)},
     {(i1 :> 0 @@ i2 :> 1 @@ i3 :> 1), (i1 :> 2 @@ i2 :> 0 @@ i3 :> 1)},
     {(i1 :> 0 @@ i2 :> 1 @@ i3 :> 1), (i1 :> 2 @@ i2 :> 1 @@ i3 :> 0)},
     {(i1 :> 0 @@ i2 :> 1 @@ i3 :> 2), (i1 :> 0 @@ i2 :> 2 @@ i3 :> 0)},
     {(i1 :> 0 @@ i2 :> 1 @@ i3 :> 2), (i1 :> 1 @@ i2 :> 0 @@ i3 :> 2)},
     {(i1 :> 0 @@ i2 :> 1 @@ i3 :> 2), (i1 :> 1 @@ i2 :> 1 @@ i3 :> 0)},
     {(i1 :> 0 @@ i2 :> 2 @@ i3 :> 0), (i1 :> 1 @@ i2 :> 1 @@ i3 :> 0)},
     {(i1 :> 0 @@ i2 :> 2 @@ i3 :> 0), (i1 :> 2 @@ i2 :> 1 @@ i3 :> 0)},
     {(i1 :> 0 @@ i2 :> 2 @@ i3 :> 1), (i1 :> 0 @@ i2 :> 3 @@ i3 :> 0)},
     {(i1 :> 0 @@ i2 :> 2 @@ i3 :> 1), (i1 :> 1 @@ i2 :> 0 @@ i3 :> 1)},
     {(i1 :> 0 @@ i2 :> 2 @@ i3 :> 1), (i1 :> 1 @@ i2 :> 2 @@ i3 :> 0)},
     {(i1 :> 0 @@ i2 :> 3 @@ i3 :> 0), (i1 :> 1 @@ i2 :> 1 @@ i3 :> 0)},
     {(i1 :> 0 @@ i2 :> 3 @@ i3 :> 0), (i1 :> 1 @@ i2 :> 2 @@ i3 :> 0)},
     {(i1 :> 1 @@ i2 :> 0 @@ i3 :> 0), (i1 :> 1 @@ i2 :> 0 @@ i3 :> 1)},
     {(i1 :> 1 @@ i2 :> 0 @@ i3 :> 0), (i1 :> 1 @@ i2 :> 1 @@ i3 :> 0)},
     {(i1 :> 1 @@ i2 :> 0 @@ i3 :> 1), (i1 :> 1 @@ i2 :> 1 @@ i3 :> 0)},
     {(i1 :> 1 @@ i2 :> 0 @@ i3 :> 1), (i1 :> 1 @@ i2 :> 2 @@ i3 :> 0)},
     {(i1 :> 1 @@ i2 :> 0 @@ i3 :> 1), (i1 :> 2 @@ i2 :> 0 @@ i3 :> 0)},
     {(i1 :> 1 @@ i2 :> 0 @@ i3 :> 1), (i1 :> 3 @@ i2 :> 0 @@ i3 :> 0)},
     {(i1 :> 1 @@ i2 :> 0 @@ i3 :> 2), (i1 :> 1 @@ i2 :> 1 @@ i3 :> 0)},
     {(i1 :> 1 @@ i2 :> 0 @@ i3 :> 2), (i1 :> 2 @@ i2 :> 0 @@ i3 :> 0)},
     {(i1 :> 1 @@ i2 :> 1 @@ i3 :> 0), (i1 :> 2 @@ i2 :> 0 @@ i3 :> 0)},
     {(i1 :> 1 @@ i2 :> 1 @@ i3 :> 0), (i1 :> 3 @@ i2 :> 0 @@ i3 :> 0)},
     {(i1 :> 1 @@ i2 :> 2 @@ i3 :> 0), (i1 :> 2 @@ i2 :> 0 @@ i3 :> 0)},
     {(i1 :> 2 @@ i2 :> 0 @@ i3 :> 1), (i1 :> 2 @@ i2 :> 1 @@ i3 :> 0)},
     {(i1 :> 2 @@ i2 :> 0 @@ i3 :> 1), (i1 :> 3 @@ i2 :> 0 @@ i3 :> 0)},
     {(i1 :> 2 @@ i2 :> 1 @@ i3 :> 0), (i1 :> 3 @@ i2 :> 0 @@ i3 :> 0)},
     { (i1 :> 0 @@ i2 :> 0 @@ i3 :> 1),
       (i1 :> 0 @@ i2 :> 1 @@ i3 :> 0),
       (i1 :> 1 @@ i2 :> 0 @@ i3 :> 0) },
     { (i1 :> 0 @@ i2 :> 0 @@ i3 :> 1),
       (i1 :> 0 @@ i2 :> 1 @@ i3 :> 1),
       (i1 :> 1 @@ i2 :> 0 @@ i3 :> 1) },
     { (i1 :> 0 @@ i2 :> 0 @@ i3 :> 2),
       (i1 :> 0 @@ i2 :> 1 @@ i3 :> 1),
       (i1 :> 0 @@ i2 :> 2 @@ i3 :> 0) },
     { (i1 :> 0 @@ i2 :> 0 @@ i3 :> 2),
       (i1 :> 0 @@ i2 :> 1 @@ i3 :> 1),
       (i1 :> 1 @@ i2 :> 0 @@ i3 :> 1) },
     { (i1 :> 0 @@ i2 :> 0 @@ i3 :> 2),
       (i1 :> 0 @@ i2 :> 1 @@ i3 :> 1),
       (i1 :> 2 @@ i2 :> 0 @@ i3 :> 1) },
     { (i1 :> 0 @@ i2 :> 0 @@ i3 :> 2),
       (i1 :> 0 @@ i2 :> 2 @@ i3 :> 1),
       (i1 :> 1 @@ i2 :> 0 @@ i3 :> 1) },
     { (i1 :> 0 @@ i2 :> 0 @@ i3 :> 2),
       (i1 :> 1 @@ i2 :> 0 @@ i3 :> 1),
       (i1 :> 2 @@ i2 :> 0 @@ i3 :> 0) },
     { (i1 :> 0 @@ i2 :> 0 @@ i3 :> 3),
       (i1 :> 0 @@ i2 :> 1 @@ i3 :> 1),
       (i1 :> 1 @@ i2 :> 0 @@ i3 :> 1) },
     { (i1 :> 0 @@ i2 :> 0 @@ i3 :> 3),
       (i1 :> 0 @@ i2 :> 1 @@ i3 :> 2),
       (i1 :> 1 @@ i2 :> 0 @@ i3 :> 2) },
     { (i1 :> 0 @@ i2 :> 1 @@ i3 :> 0),
       (i1 :> 0 @@ i2 :> 1 @@ i3 :> 1),
       (i1 :> 1 @@ i2 :> 1 @@ i3 :> 0) },
     { (i1 :> 0 @@ i2 :> 1 @@ i3 :> 1),
       (i1 :> 0 @@ i2 :> 2 @@ i3 :> 0),
       (i1 :> 1 @@ i2 :> 1 @@ i3 :> 0) },
     { (i1 :> 0 @@ i2 :> 1 @@ i3 :> 1),
       (i1 :> 0 @@ i2 :> 2 @@ i3 :> 0),
       (i1 :> 2 @@ i2 :> 1 @@ i3 :> 0) },
     { (i1 :> 0 @@ i2 :> 1 @@ i3 :> 1),
       (i1 :> 0 @@ i2 :> 3 @@ i3 :> 0),
       (i1 :> 1 @@ i2 :> 1 @@ i3 :> 0) },
     { (i1 :> 0 @@ i2 :> 1 @@ i3 :> 2),
       (i1 :> 0 @@ i2 :> 2 @@ i3 :> 0),
       (i1 :> 1 @@ i2 :> 1 @@ i3 :> 0) },
     { (i1 :> 0 @@ i2 :> 1 @@ i3 :> 2),
       (i1 :> 1 @@ i2 :> 1 @@ i3 :> 1),
       (i1 :> 2 @@ i2 :> 1 @@ i3 :> 0) },
     { (i1 :> 0 @@ i2 :> 2 @@ i3 :> 0),
       (i1 :> 1 @@ i2 :> 1 @@ i3 :> 0),
       (i1 :> 2 @@ i2 :> 0 @@ i3 :> 0) },
     { (i1 :> 0 @@ i2 :> 2 @@ i3 :> 1),
       (i1 :> 0 @@ i2 :> 3 @@ i3 :> 0),
       (i1 :> 1 @@ i2 :> 2 @@ i3 :> 0) },
     { (i1 :> 0 @@ i2 :> 2 @@ i3 :> 1),
       (i1 :> 1 @@ i2 :> 1 @@ i3 :> 1),
       (i1 :> 2 @@ i2 :> 0 @@ i3 :> 1) },
     { (i1 :> 1 @@ i2 :> 0 @@ i3 :> 0),
       (i1 :> 1 @@ i2 :> 0 @@ i3 :> 1),
       (i1 :> 1 @@ i2 :> 1 @@ i3 :> 0) },
     { (i1 :> 1 @@ i2 :> 0 @@ i3 :> 1),
       (i1 :> 1 @@ i2 :> 1 @@ i3 :> 0),
       (i1 :> 2 @@ i2 :> 0 @@ i3 :> 0) },
     { (i1 :> 1 @@ i2 :> 0 @@ i3 :> 1),
       (i1 :> 1 @@ i2 :> 1 @@ i3 :> 0),
       (i1 :> 3 @@ i2 :> 0 @@ i3 :> 0) },
     { (i1 :> 1 @@ i2 :> 0 @@ i3 :> 1),
       (i1 :> 1 @@ i2 :> 2 @@ i3 :> 0),
       (i1 :> 2 @@ i2 :> 0 @@ i3 :> 0) },
     { (i1 :> 1 @@ i2 :> 0 @@ i3 :> 2),
       (i1 :> 1 @@ i2 :> 1 @@ i3 :> 0),
       (i1 :> 2 @@ i2 :> 0 @@ i3 :> 0) },
     { (i1 :> 1 @@ i2 :> 0 @@ i3 :> 2),
       (i1 :> 1 @@ i2 :> 1 @@ i3 :> 1),
       (i1 :> 1 @@ i2 :> 2 @@ i3 :> 0) },
     { (i1 :> 2 @@ i2 :> 0 @@ i3 :> 1),
       (i1 :> 2 @@ i2 :> 1 @@ i3 :> 0),
       (i1 :> 3 @@ i2 :> 0 @@ i3 :> 0) },
     { (i1 :> 0 @@ i2 :> 0 @@ i3 :> 0),
       (i1 :> 0 @@ i2 :> 0 @@ i3 :> 1),
       (i1 :> 0 @@ i2 :> 1 @@ i3 :> 0),
       (i1 :> 1 @@ i2 :> 0 @@ i3 :> 0) },
     { (i1 :> 0 @@ i2 :> 0 @@ i3 :> 1),
       (i1 :> 0 @@ i2 :> 1 @@ i3 :> 0),
       (i1 :> 1 @@ i2 :> 0 @@ i3 :> 1),
       (i1 :> 1 @@ i2 :> 1 @@ i3 :> 0) },
     { (i1 :> 0 @@ i2 :> 0 @@ i3 :> 1),
       (i1 :> 0 @@ i2 :> 1 @@ i3 :> 1),
       (i1 :> 1 @@ i2 :> 0 @@ i3 :> 0),
       (i1 :> 1 @@ i2 :> 1 @@ i3 :> 0) },
     { (i1 :> 0 @@ i2 :> 0 @@ i3 :> 2),
       (i1 :> 0 @@ i2 :> 2 @@ i3 :> 1),
       (i1 :> 1 @@ i2 :> 1 @@ i3 :> 1),
       (i1 :> 2 @@ i2 :> 0 @@ i3 :> 1) },
     { (i1 :> 0 @@ i2 :> 0 @@ i3 :> 3),
       (i1 :> 0 @@ i2 :> 1 @@ i3 :> 1),
       (i1 :> 1 @@ i2 :> 0 @@ i3 :> 2),
       (i1 :> 1 @@ i2 :> 1 @@ i3 :> 0) },
     { (i1 :> 0 @@ i2 :> 0 @@ i3 :> 3),
       (i1 :> 0 @@ i2 :> 1 @@ i3 :> 2),
       (i1 :> 0 @@ i2 :> 2 @@ i3 :> 1),
       (i1 :> 0 @@ i2 :> 3 @@ i3 :> 0) },
     { (i1 :> 0 @@ i2 :> 0 @@ i3 :> 3),
       (i1 :> 0 @@ i2 :> 1 @@ i3 :> 2),
       (i1 :> 1 @@ i2 :> 0 @@ i3 :> 1),
       (i1 :> 1 @@ i2 :> 1 @@ i3 :> 0) },
     { (i1 :> 0 @@ i2 :> 0 @@ i3 :> 3),
       (i1 :> 1 @@ i2 :> 0 @@ i3 :> 2),
       (i1 :> 2 @@ i2 :> 0 @@ i3 :> 1),
       (i1 :> 3 @@ i2 :> 0 @@ i3 :> 0) },
     { (i1 :> 0 @@ i2 :> 1 @@ i3 :> 0),
       (i1 :> 0 @@ i2 :> 1 @@ i3 :> 1),
       (i1 :> 1 @@ i2 :> 0 @@ i3 :> 0),
       (i1 :> 1 @@ i2 :> 0 @@ i3 :> 1) },
     { (i1 :> 0 @@ i2 :> 1 @@ i3 :> 1),
       (i1 :> 0 @@ i2 :> 3 @@ i3 :> 0),
       (i1 :> 1 @@ i2 :> 0 @@ i3 :> 1),
       (i1 :> 1 @@ i2 :> 2 @@ i3 :> 0) },
     { (i1 :> 0 @@ i2 :> 1 @@ i3 :> 1),
       (i1 :> 1 @@ i2 :> 0 @@ i3 :> 1),
       (i1 :> 2 @@ i2 :> 1 @@ i3 :> 0),
       (i1 :> 3 @@ i2 :> 0 @@ i3 :> 0) },
     { (i1 :> 0 @@ i2 :> 1 @@ i3 :> 1),
       (i1 :> 1 @@ i2 :> 1 @@ i3 :> 0),
       (i1 :> 2 @@ i2 :> 0 @@ i3 :> 1),
       (i1 :> 3 @@ i2 :> 0 @@ i3 :> 0) },
     { (i1 :> 0 @@ i2 :> 1 @@ i3 :> 2),
       (i1 :> 0 @@ i2 :> 2 @@ i3 :> 0),
       (i1 :> 1 @@ i2 :> 1 @@ i3 :> 1),
       (i1 :> 2 @@ i2 :> 1 @@ i3 :> 0) },
     { (i1 :> 0 @@ i2 :> 2 @@ i3 :> 1),
       (i1 :> 0 @@ i2 :> 3 @@ i3 :> 0),
       (i1 :> 1 @@ i2 :> 0 @@ i3 :> 1),
       (i1 :> 1 @@ i2 :> 1 @@ i3 :> 0) },
     { (i1 :> 0 @@ i2 :> 3 @@ i3 :> 0),
       (i1 :> 1 @@ i2 :> 2 @@ i3 :> 0),
       (i1 :> 2 @@ i2 :> 1 @@ i3 :> 0),
       (i1 :> 3 @@ i2 :> 0 @@ i3 :> 0) },
     { (i1 :> 1 @@ i2 :> 0 @@ i3 :> 2),
       (i1 :> 1 @@ i2 :> 1 @@ i3 :> 1),
       (i1 :> 1 @@ i2 :> 2 @@ i3 :> 0),
       (i1 :> 2 @@ i2 :> 0 @@ i3 :> 0) },
     { (i1 :> 0 @@ i2 :> 0 @@ i3 :> 2),
       (i1 :> 0 @@ i2 :> 1 @@ i3 :> 1),
       (i1 :> 0 @@ i2 :> 2 @@ i3 :> 0),
       (i1 :> 1 @@ i2 :> 0 @@ i3 :> 1),
       (i1 :> 1 @@ i2 :> 1 @@ i3 :> 0) },
     { (i1 :> 0 @@ i2 :> 0 @@ i3 :> 2),
       (i1 :> 0 @@ i2 :> 1 @@ i3 :> 1),
       (i1 :> 0 @@ i2 :> 2 @@ i3 :> 0),
       (i1 :> 2 @@ i2 :> 0 @@ i3 :> 1),
       (i1 :> 2 @@ i2 :> 1 @@ i3 :> 0) },
     { (i1 :> 0 @@ i2 :> 0 @@ i3 :> 2),
       (i1 :> 0 @@ i2 :> 1 @@ i3 :> 1),
       (i1 :> 1 @@ i2 :> 0 @@ i3 :> 1),
       (i1 :> 1 @@ i2 :> 1 @@ i3 :> 0),
       (i1 :> 2 @@ i2 :> 0 @@ i3 :> 0) },
     { (i1 :> 0 @@ i2 :> 0 @@ i3 :> 2),
       (i1 :> 0 @@ i2 :> 2 @@ i3 :> 1),
       (i1 :> 1 @@ i2 :> 0 @@ i3 :> 1),
       (i1 :> 1 @@ i2 :> 2 @@ i3 :> 0),
       (i1 :> 2 @@ i2 :> 0 @@ i3 :> 0) },
     { (i1 :> 0 @@ i2 :> 1 @@ i3 :> 1),
       (i1 :> 0 @@ i2 :> 2 @@ i3 :> 0),
       (i1 :> 1 @@ i2 :> 0 @@ i3 :> 1),
       (i1 :> 1 @@ i2 :> 1 @@ i3 :> 0),
       (i1 :> 2 @@ i2 :> 0 @@ i3 :> 0) },
     { (i1 :> 0 @@ i2 :> 1 @@ i3 :> 2),
       (i1 :> 0 @@ i2 :> 2 @@ i3 :> 0),
       (i1 :> 1 @@ i2 :> 0 @@ i3 :> 2),
       (i1 :> 1 @@ i2 :> 1 @@ i3 :> 0),
       (i1 :> 2 @@ i2 :> 0 @@ i3 :> 0) },
     { (i1 :> 0 @@ i2 :> 0 @@ i3 :> 2),
       (i1 :> 0 @@ i2 :> 1 @@ i3 :> 1),
       (i1 :> 0 @@ i2 :> 2 @@ i3 :> 0),
       (i1 :> 1 @@ i2 :> 0 @@ i3 :> 1),
       (i1 :> 1 @@ i2 :> 1 @@ i3 :> 0),
       (i1 :> 2 @@ i2 :> 0 @@ i3 :> 0) },
     { (i1 :> 0 @@ i2 :> 0 @@ i3 :> 3),
       (i1 :> 0 @@ i2 :> 1 @@ i3 :> 1),
       (i1 :> 1 @@ i2 :> 0 @@ i3 :> 2),
       (i1 :> 1 @@ i2 :> 1 @@ i3 :> 0),
       (i1 :> 2 @@ i2 :> 0 @@ i3 :> 1),
       (i1 :> 3 @@ i2 :> 0 @@ i3 :> 0) },
     { (i1 :> 0 @@ i2 :> 0 @@ i3 :> 3),
       (i1 :> 0 @@ i2 :> 1 @@ i3 :> 2),
       (i1 :> 0 @@ i2 :> 2 @@ i3 :> 1),
       (i1 :> 0 @@ i2 :> 3 @@ i3 :> 0),
       (i1 :> 1 @@ i2 :> 0 @@ i3 :> 1),
       (i1 :> 1 @@ i2 :> 1 @@ i3 :> 0) },
     { (i1 :> 0 @@ i2 :> 1 @@ i3 :> 1),
       (i1 :> 0 @@ i2 :> 3 @@ i3 :> 0),
       (i1 :> 1 @@ i2 :> 0 @@ i3 :> 1),
       (i1 :> 1 @@ i2 :> 2 @@ i3 :> 0),
       (i1 :> 2 @@ i2 :> 1 @@ i3 :> 0),
       (i1 :> 3 @@ i2 :> 0 @@ i3 :> 0) },
     { (i1 :> 0 @@ i2 :> 0 @@ i3 :> 0),
       (i1 :> 0 @@ i2 :> 0 @@ i3 :> 1),
       (i1 :> 0 @@ i2 :> 0 @@ i3 :> 2),
       (i1 :> 0 @@ i2 :> 1 @@ i3 :> 0),
       (i1 :> 0 @@ i2 :> 1 @@ i3 :> 1),
       (i1 :> 1 @@ i2 :> 0 @@ i3 :> 0),
       (i1 :> 1 @@ i2 :> 0 @@ i3 :> 1) },
     { (i1 :> 0 @@ i2 :> 0 @@ i3 :> 0),
       (i1 :> 0 @@ i2 :> 0 @@ i3 :> 1),
       (i1 :> 0 @@ i2 :> 1 @@ i3 :> 0),
       (i1 :> 0 @@ i2 :> 1 @@ i3 :> 1),
       (i1 :> 0 @@ i2 :> 2 @@ i3 :> 0),
       (i1 :> 1 @@ i2 :> 0 @@ i3 :> 0),
       (i1 :> 1 @@ i2 :> 1 @@ i3 :> 0) },
     { (i1 :> 0 @@ i2 :> 0 @@ i3 :> 0),
       (i1 :> 0 @@ i2 :> 0 @@ i3 :> 1),
       (i1 :> 0 @@ i2 :> 1 @@ i3 :> 0),
       (i1 :> 1 @@ i2 :> 0 @@ i3 :> 0),
       (i1 :> 1 @@ i2 :> 0 @@ i3 :> 1),
       (i1 :> 1 @@ i2 :> 1 @@ i3 :> 0),
       (i1 :> 2 @@ i2 :> 0 @@ i3 :> 0) },
     { (i1 :> 0 @@ i2 :> 0 @@ i3 :> 3),
       (i1 :> 0 @@ i2 :> 1 @@ i3 :> 2),
       (i1 :> 0 @@ i2 :> 2 @@ i3 :> 1),
       (i1 :> 0 @@ i2 :> 3 @@ i3 :> 0),
       (i1 :> 1 @@ i2 :> 0 @@ i3 :> 2),
       (i1 :> 1 @@ i2 :> 1 @@ i3 :> 1),
       (i1 :> 1 @@ i2 :> 2 @@ i3 :> 0) },
     { (i1 :> 0 @@ i2 :> 0 @@ i3 :> 3),
       (i1 :> 0 @@ i2 :> 1 @@ i3 :> 2),
       (i1 :> 1 @@ i2 :> 0 @@ i3 :> 2),
       (i1 :> 1 @@ i2 :> 1 @@ i3 :> 1),
       (i1 :> 2 @@ i2 :> 0 @@ i3 :> 1),
       (i1 :> 2 @@ i2 :> 1 @@ i3 :> 0),
       (i1 :> 3 @@ i2 :> 0 @@ i3 :> 0) },
     { (i1 :> 0 @@ i2 :> 2 @@ i3 :> 1),
       (i1 :> 0 @@ i2 :> 3 @@ i3 :> 0),
       (i1 :> 1 @@ i2 :> 1 @@ i3 :> 1),
       (i1 :> 1 @@ i2 :> 2 @@ i3 :> 0),
       (i1 :> 2 @@ i2 :> 0 @@ i3 :> 1),
       (i1 :> 2 @@ i2 :> 1 @@ i3 :> 0),
       (i1 :> 3 @@ i2 :> 0 @@ i3 :> 0) },
     { (i1 :> 0 @@ i2 :> 0 @@ i3 :> 0),
       (i1 :> 0 @@ i2 :> 0 @@ i3 :> 1),
       (i1 :> 0 @@ i2 :> 0 @@ i3 :> 2),
       (i1 :> 0 @@ i2 :> 0 @@ i3 :> 3),
       (i1 :> 0 @@ i2 :> 1 @@ i3 :> 0),
       (i1 :> 0 @@ i2 :> 1 @@ i3 :> 1),
       (i1 :> 1 @@ i2 :> 0 @@ i3 :> 0),
       (i1 :> 1 @@ i2 :> 0 @@ i3 :> 1) },
     { (i1 :> 0 @@ i2 :> 0 @@ i3 :> 0),
       (i1 :> 0 @@ i2 :> 0 @@ i3 :> 1),
       (i1 :> 0 @@ i2 :> 1 @@ i3 :> 0),
       (i1 :> 0 @@ i2 :> 1 @@ i3 :> 1),
       (i1 :> 0 @@ i2 :> 2 @@ i3 :> 0),
       (i1 :> 0 @@ i2 :> 3 @@ i3 :> 0),
       (i1 :> 1 @@ i2 :> 0 @@ i3 :> 0),
       (i1 :> 1 @@ i2 :> 1 @@ i3 :> 0) },
     { (i1 :> 0 @@ i2 :> 0 @@ i3 :> 0),
       (i1 :> 0 @@ i2 :> 0 @@ i3 :> 1),
       (i1 :> 0 @@ i2 :> 1 @@ i3 :> 0),
       (i1 :> 1 @@ i2 :> 0 @@ i3 :> 0),
       (i1 :> 1 @@ i2 :> 0 @@ i3 :> 1),
       (i1 :> 1 @@ i2 :> 1 @@ i3 :> 0),
       (i1 :> 2 @@ i2 :> 0 @@ i3 :> 0),
       (i1 :> 3 @@ i2 :> 0 @@ i3 :> 0) },
     { (i1 :> 0 @@ i2 :> 0 @@ i3 :> 0),
       (i1 :> 0 @@ i2 :> 0 @@ i3 :> 1),
       (i1 :> 0 @@ i2 :> 0 @@ i3 :> 2),
       (i1 :> 0 @@ i2 :> 1 @@ i3 :> 0),
       (i1 :> 0 @@ i2 :> 1 @@ i3 :> 1),
       (i1 :> 0 @@ i2 :> 2 @@ i3 :> 0),
       (i1 :> 1 @@ i2 :> 0 @@ i3 :> 0),
       (i1 :> 1 @@ i2 :> 0 @@ i3 :> 1),
       (i1 :> 1 @@ i2 :> 1 @@ i3 :> 0) },
     { (i1 :> 0 @@ i2 :> 0 @@ i3 :> 0),
       (i1 :> 0 @@ i2 :> 0 @@ i3 :> 1),
       (i1 :> 0 @@ i2 :> 0 @@ i3 :> 2),
       (i1 :> 0 @@ i2 :> 1 @@ i3 :> 0),
       (i1 :> 0 @@ i2 :> 1 @@ i3 :> 1),
       (i1 :> 1 @@ i2 :> 0 @@ i3 :> 0),
       (i1 :> 1 @@ i2 :> 0 @@ i3 :> 1),
       (i1 :> 1 @@ i2 :> 1 @@ i3 :> 0),
       (i1 :> 2 @@ i2 :> 0 @@ i3 :> 0) },
     { (i1 :> 0 @@ i2 :> 0 @@ i3 :> 0),
       (i1 :> 0 @@ i2 :> 0 @@ i3 :> 1),
       (i1 :> 0 @@ i2 :> 1 @@ i3 :> 0),
       (i1 :> 0 @@ i2 :> 1 @@ i3 :> 1),
       (i1 :> 0 @@ i2 :> 2 @@ i3 :> 0),
       (i1 :> 1 @@ i2 :> 0 @@ i3 :> 0),
       (i1 :> 1 @@ i2 :> 0 @@ i3 :> 1),
       (i1 :> 1 @@ i2 :> 1 @@ i3 :> 0),
       (i1 :> 2 @@ i2 :> 0 @@ i3 :> 0) },
     { (i1 :> 0 @@ i2 :> 0 @@ i3 :> 0),
       (i1 :> 0 @@ i2 :> 0 @@ i3 :> 1),
       (i1 :> 0 @@ i2 :> 0 @@ i3 :> 2),
       (i1 :> 0 @@ i2 :> 1 @@ i3 :> 0),
       (i1 :> 0 @@ i2 :> 1 @@ i3 :> 1),
       (i1 :> 0 @@ i2 :> 2 @@ i3 :> 0),
       (i1 :> 1 @@ i2 :> 0 @@ i3 :> 0),
       (i1 :> 1 @@ i2 :> 0 @@ i3 :> 1),
       (i1 :> 1 @@ i2 :> 1 @@ i3 :> 0),
       (i1 :> 2 @@ i2 :> 0 @@ i3 :> 0) },
     { (i1 :> 0 @@ i2 :> 0 @@ i3 :> 3),
       (i1 :> 0 @@ i2 :> 1 @@ i3 :> 2),
       (i1 :> 0 @@ i2 :> 2 @@ i3 :> 1),
       (i1 :> 0 @@ i2 :> 3 @@ i3 :> 0),
       (i1 :> 1 @@ i2 :> 0 @@ i3 :> 2),
       (i1 :> 1 @@ i2 :> 1 @@ i3 :> 1),
       (i1 :> 1 @@ i2 :> 2 @@ i3 :> 0),
       (i1 :> 2 @@ i2 :> 0 @@ i3 :> 1),
       (i1 :> 2 @@ i2 :> 1 @@ i3 :> 0),
       (i1 :> 3 @@ i2 :> 0 @@ i3 :> 0) },
     { (i1 :> 0 @@ i2 :> 0 @@ i3 :> 0),
       (i1 :> 0 @@ i2 :> 0 @@ i3 :> 1),
       (i1 :> 0 @@ i2 :> 0 @@ i3 :> 2),
       (i1 :> 0 @@ i2 :> 0 @@ i3 :> 3),
       (i1 :> 0 @@ i2 :> 1 @@ i3 :> 0),
       (i1 :> 0 @@ i2 :> 1 @@ i3 :> 1),
       (i1 :> 0 @@ i2 :> 1 @@ i3 :> 2),
       (i1 :> 0 @@ i2 :> 2 @@ i3 :> 0),
       (i1 :> 1 @@ i2 :> 0 @@ i3 :> 0),
       (i1 :> 1 @@ i2 :> 0 @@ i3 :> 1),
       (i1 :> 1 @@ i2 :> 1 @@ i3 :> 0) },
     { (i1 :> 0 @@ i2 :> 0 @@ i3 :> 0),
       (i1 :> 0 @@ i2 :> 0 @@ i3 :> 1),
       (i1 :> 0 @@ i2 :> 0 @@ i3 :> 2),
       (i1 :> 0 @@ i2 :> 0 @@ i3 :> 3),
       (i1 :> 0 @@ i2 :> 1 @@ i3 :> 0),
       (i1 :> 0 @@ i2 :> 1 @@ i3 :> 1),
       (i1 :> 1 @@ i2 :> 0 @@ i3 :> 0),
       (i1 :> 1 @@ i2 :> 0 @@ i3 :> 1),
       (i1 :> 1 @@ i2 :> 0 @@ i3 :> 2),
       (i1 :> 1 @@ i2 :> 1 @@ i3 :> 0),
       (i1 :> 2 @@ i2 :> 0 @@ i3 :> 0) },
     { (i1 :> 0 @@ i2 :> 0 @@ i3 :> 0),
       (i1 :> 0 @@ i2 :> 0 @@ i3 :> 1),
       (i1 :> 0 @@ i2 :> 0 @@ i3 :> 2),
       (i1 :> 0 @@ i2 :> 1 @@ i3 :> 0),
       (i1 :> 0 @@ i2 :> 1 @@ i3 :> 1),
       (i1 :> 0 @@ i2 :> 2 @@ i3 :> 0),
       (i1 :> 0 @@ i2 :> 2 @@ i3 :> 1),
       (i1 :> 0 @@ i2 :> 3 @@ i3 :> 0),
       (i1 :> 1 @@ i2 :> 0 @@ i3 :> 0),
       (i1 :> 1 @@ i2 :> 0 @@ i3 :> 1),
       (i1 :> 1 @@ i2 :> 1 @@ i3 :> 0) },
     { (i1 :> 0 @@ i2 :> 0 @@ i3 :> 0),
       (i1 :> 0 @@ i2 :> 0 @@ i3 :> 1),
       (i1 :> 0 @@ i2 :> 0 @@ i3 :> 2),
       (i1 :> 0 @@ i2 :> 1 @@ i3 :> 0),
       (i1 :> 0 @@ i2 :> 1 @@ i3 :> 1),
       (i1 :> 1 @@ i2 :> 0 @@ i3 :> 0),
       (i1 :> 1 @@ i2 :> 0 @@ i3 :> 1),
       (i1 :> 1 @@ i2 :> 1 @@ i3 :> 0),
       (i1 :> 2 @@ i2 :> 0 @@ i3 :> 0),
       (i1 :> 2 @@ i2 :> 0 @@ i3 :> 1),
       (i1 :> 3 @@ i2 :> 0 @@ i3 :> 0) },
     { (i1 :> 0 @@ i2 :> 0 @@ i3 :> 0),
       (i1 :> 0 @@ i2 :> 0 @@ i3 :> 1),
       (i1 :> 0 @@ i2 :> 1 @@ i3 :> 0),
       (i1 :> 0 @@ i2 :> 1 @@ i3 :> 1),
       (i1 :> 0 @@ i2 :> 2 @@ i3 :> 0),
       (i1 :> 0 @@ i2 :> 3 @@ i3 :> 0),
       (i1 :> 1 @@ i2 :> 0 @@ i3 :> 0),
       (i1 :> 1 @@ i2 :> 0 @@ i3 :> 1),
       (i1 :> 1 @@ i2 :> 1 @@ i3 :> 0),
       (i1 :> 1 @@ i2 :> 2 @@ i3 :> 0),
       (i1 :> 2 @@ i2 :> 0 @@ i3 :> 0) },
     { (i1 :> 0 @@ i2 :> 0 @@ i3 :> 0),
       (i1 :> 0 @@ i2 :> 0 @@ i3 :> 1),
       (i1 :> 0 @@ i2 :> 1 @@ i3 :> 0),
       (i1 :> 0 @@ i2 :> 1 @@ i3 :> 1),
       (i1 :> 0 @@ i2 :> 2 @@ i3 :> 0),
       (i1 :> 1 @@ i2 :> 0 @@ i3 :> 0),
       (i1 :> 1 @@ i2 :> 0 @@ i3 :> 1),
       (i1 :> 1 @@ i2 :> 1 @@ i3 :> 0),
       (i1 :> 2 @@ i2 :> 0 @@ i3 :> 0),
       (i1 :> 2 @@ i2 :> 1 @@ i3 :> 0),
       (i1 :> 3 @@ i2 :> 0 @@ i3 :> 0) },
     { (i1 :> 0 @@ i2 :> 0 @@ i3 :> 0),
       (i1 :> 0 @@ i2 :> 0 @@ i3 :> 1),
       (i1 :> 0 @@ i2 :> 0 @@ i3 :> 2),
       (i1 :> 0 @@ i2 :> 0 @@ i3 :> 3),
       (i1 :> 0 @@ i2 :> 1 @@ i3 :> 0),
       (i1 :> 0 @@ i2 :> 1 @@ i3 :> 1),
       (i1 :> 0 @@ i2 :> 1 @@ i3 :> 2),
       (i1 :> 0 @@ i2 :> 2 @@ i3 :> 0),
       (i1 :> 0 @@ i2 :> 2 @@ i3 :> 1),
       (i1 :> 0 @@ i2 :> 3 @@ i3 :> 0),
       (i1 :> 1 @@ i2 :> 0 @@ i3 :> 0),
       (i1 :> 1 @@ i2 :> 0 @@ i3 :> 1),
       (i1 :> 1 @@ i2 :> 1 @@ i3 :> 0) },
     { (i1 :> 0 @@ i2 :> 0 @@ i3 :> 0),
       (i1 :> 0 @@ i2 :> 0 @@ i3 :> 1),
       (i1 :> 0 @@ i2 :> 0 @@ i3 :> 2),
       (i1 :> 0 @@ i2 :> 0 @@ i3 :> 3),
       (i1 :> 0 @@ i2 :> 1 @@ i3 :> 0),
       (i1 :> 0 @@ i2 :> 1 @@ i3 :> 1),
       (i1 :> 0 @@ i2 :> 1 @@ i3 :> 2),
       (i1 :> 0 @@ i2 :> 2 @@ i3 :> 0),
       (i1 :> 1 @@ i2 :> 0 @@ i3 :> 0),
       (i1 :> 1 @@ i2 :> 0 @@ i3 :> 1),
       (i1 :> 1 @@ i2 :> 0 @@ i3 :> 2),
       (i1 :> 1 @@ i2 :> 1 @@ i3 :> 0),
       (i1 :> 2 @@ i2 :> 0 @@ i3 :> 0) },
     { (i1 :> 0 @@ i2 :> 0 @@ i3 :> 0),
       (i1 :> 0 @@ i2 :> 0 @@ i3 :> 1),
       (i1 :> 0 @@ i2 :> 0 @@ i3 :> 2),
       (i1 :> 0 @@ i2 :> 0 @@ i3 :> 3),
       (i1 :> 0 @@ i2 :> 1 @@ i3 :> 0),
       (i1 :> 0 @@ i2 :> 1 @@ i3 :> 1),
       (i1 :> 1 @@ i2 :> 0 @@ i3 :> 0),
       (i1 :> 1 @@ i2 :> 0 @@ i3 :> 1),
       (i1 :> 1 @@ i2 :> 0 @@ i3 :> 2),
       (i1 :> 1 @@ i2 :> 1 @@ i3 :> 0),
       (i1 :> 2 @@ i2 :> 0 @@ i3 :> 0),
       (i1 :> 2 @@ i2 :> 0 @@ i3 :> 1),
       (i1 :> 3 @@ i2 :> 0 @@ i3 :> 0) },
     { (i1 :> 0 @@ i2 :> 0 @@ i3 :> 0),
       (i1 :> 0 @@ i2 :> 0 @@ i3 :> 1),
       (i1 :> 0 @@ i2 :> 0 @@ i3 :> 2),
       (i1 :> 0 @@ i2 :> 1 @@ i3 :> 0),
       (i1 :> 0 @@ i2 :> 1 @@ i3 :> 1),
       (i1 :> 0 @@ i2 :> 2 @@ i3 :> 0),
       (i1 :> 0 @@ i2 :> 2 @@ i3 :> 1),
       (i1 :> 0 @@ i2 :> 3 @@ i3 :> 0),
       (i1 :> 1 @@ i2 :> 0 @@ i3 :> 0),
       (i1 :> 1 @@ i2 :> 0 @@ i3 :> 1),
       (i1 :> 1 @@ i2 :> 1 @@ i3 :> 0),
       (i1 :> 1 @@ i2 :> 2 @@ i3 :> 0),
       (i1 :> 2 @@ i2 :> 0 @@ i3 :> 0) },
     { (i1 :> 0 @@ i2 :> 0 @@ i3 :> 0),
       (i1 :> 0 @@ i2 :> 0 @@ i3 :> 1),
       (i1 :> 0 @@ i2 :> 0 @@ i3 :> 2),
       (i1 :> 0 @@ i2 :> 1 @@ i3 :> 0),
       (i1 :> 0 @@ i2 :> 1 @@ i3 :> 1),
       (i1 :> 0 @@ i2 :> 2 @@ i3 :> 0),
       (i1 :> 1 @@ i2 :> 0 @@ i3 :> 0),
       (i1 :> 1 @@ i2 :> 0 @@ i3 :> 1),
       (i1 :> 1 @@ i2 :> 1 @@ i3 :> 0),
       (i1 :> 2 @@ i2 :> 0 @@ i3 :> 0),
       (i1 :> 2 @@ i2 :> 0 @@ i3 :> 1),
       (i1 :> 2 @@ i2 :> 1 @@ i3 :> 0),
       (i1 :> 3 @@ i2 :> 0 @@ i3 :> 0) },
     { (i1 :> 0 @@ i2 :> 0 @@ i3 :> 0),
       (i1 :> 0 @@ i2 :> 0 @@ i3 :> 1),
       (i1 :> 0 @@ i2 :> 1 @@ i3 :> 0),
       (i1 :> 0 @@ i2 :> 1 @@ i3 :> 1),
       (i1 :> 0 @@ i2 :> 2 @@ i3 :> 0),
       (i1 :> 0 @@ i2 :> 3 @@ i3 :> 0),
       (i1 :> 1 @@ i2 :> 0 @@ i3 :> 0),
       (i1 :> 1 @@ i2 :> 0 @@ i3 :> 1),
       (i1 :> 1 @@ i2 :> 1 @@ i3 :> 0),
       (i1 :> 1 @@ i2 :> 2 @@ i3 :> 0),
       (i1 :> 2 @@ i2 :> 0 @@ i3 :> 0),
       (i1 :> 2 @@ i2 :> 1 @@ i3 :> 0),
       (i1 :> 3 @@ i2 :> 0 @@ i3 :> 0) },
     { (i1 :> 0 @@ i2 :> 0 @@ i3 :> 0),
       (i1 :> 0 @@ i2 :> 0 @@ i3 :> 1),
       (i1 :> 0 @@ i2 :> 0 @@ i3 :> 2),
       (i1 :> 0 @@ i2 :> 0 @@ i3 :> 3),
       (i1 :> 0 @@ i2 :> 1 @@ i3 :> 0),
       (i1 :> 0 @@ i2 :> 1 @@ i3 :> 1),
       (i1 :> 0 @@ i2 :> 1 @@ i3 :> 2),
       (i1 :> 0 @@ i2 :> 2 @@ i3 :> 0),
       (i1 :> 0 @@ i2 :> 2 @@ i3 :> 1),
       (i1 :> 0 @@ i2 :> 3 @@ i3 :> 0),
       (i1 :> 1 @@ i2 :> 0 @@ i3 :> 0),
       (i1 :> 1 @@ i2 :> 0 @@ i3 :> 1),
       (i1 :> 1 @@ i2 :> 0 @@ i3 :> 2),
       (i1 :> 1 @@ i2 :> 1 @@ i3 :> 0),
       (i1 :> 1 @@ i2 :> 1 @@ i3 :> 1),
       (i1 :> 1 @@ i2 :> 2 @@ i3 :> 0),
       (i1 :> 2 @@ i2 :> 0 @@ i3 :> 0) },
     { (i1 :> 0 @@ i2 :> 0 @@ i3 :> 0),
       (i1 :> 0 @@ i2 :> 0 @@ i3 :> 1),
       (i1 :> 0 @@ i2 :> 0 @@ i3 :> 2),
       (i1 :> 0 @@ i2 :> 0 @@ i3 :> 3),
       (i1 :> 0 @@ i2 :> 1 @@ i3 :> 0),
       (i1 :> 0 @@ i2 :> 1 @@ i3 :> 1),
       (i1 :> 0 @@ i2 :> 1 @@ i3 :> 2),
       (i1 :> 0 @@ i2 :> 2 @@ i3 :> 0),
       (i1 :> 1 @@ i2 :> 0 @@ i3 :> 0),
       (i1 :> 1 @@ i2 :> 0 @@ i3 :> 1),
       (i1 :> 1 @@ i2 :> 0 @@ i3 :> 2),
       (i1 :> 1 @@ i2 :> 1 @@ i3 :> 0),
       (i1 :> 1 @@ i2 :> 1 @@ i3 :> 1),
       (i1 :> 2 @@ i2 :> 0 @@ i3 :> 0),
       (i1 :> 2 @@ i2 :> 0 @@ i3 :> 1),
       (i1 :> 2 @@ i2 :> 1 @@ i3 :> 0),
       (i1 :> 3 @@ i2 :> 0 @@ i3 :> 0) },
     { (i1 :> 0 @@ i2 :> 0 @@ i3 :> 0),
       (i1 :> 0 @@ i2 :> 0 @@ i3 :> 1),
       (i1 :> 0 @@ i2 :> 0 @@ i3 :> 2),
       (i1 :> 0 @@ i2 :> 1 @@ i3 :> 0),
       (i1 :> 0 @@ i2 :> 1 @@ i3 :> 1),
       (i1 :> 0 @@ i2 :> 2 @@ i3 :> 0),
       (i1 :> 0 @@ i2 :> 2 @@ i3 :> 1),
       (i1 :> 0 @@ i2 :> 3 @@ i3 :> 0),
       (i1 :> 1 @@ i2 :> 0 @@ i3 :> 0),
       (i1 :> 1 @@ i2 :> 0 @@ i3 :> 1),
       (i1 :> 1 @@ i2 :> 1 @@ i3 :> 0),
       (i1 :> 1 @@ i2 :> 1 @@ i3 :> 1),
       (i1 :> 1 @@ i2 :> 2 @@ i3 :> 0),
       (i1 :> 2 @@ i2 :> 0 @@ i3 :> 0),
       (i1 :> 2 @@ i2 :> 0 @@ i3 :> 1),
       (i1 :> 2 @@ i2 :> 1 @@ i3 :> 0),
       (i1 :> 3 @@ i2 :> 0 @@ i3 :> 0) },
     { (i1 :> 0 @@ i2 :> 0 @@ i3 :> 0),
       (i1 :> 0 @@ i2 :> 0 @@ i3 :> 1),
       (i1 :> 0 @@ i2 :> 0 @@ i3 :> 2),
       (i1 :> 0 @@ i2 :> 0 @@ i3 :> 3),
       (i1 :> 0 @@ i2 :> 1 @@ i3 :> 0),
       (i1 :> 0 @@ i2 :> 1 @@ i3 :> 1),
       (i1 :> 0 @@ i2 :> 1 @@ i3 :> 2),
       (i1 :> 0 @@ i2 :> 2 @@ i3 :> 0),
       (i1 :> 0 @@ i2 :> 2 @@ i3 :> 1),
       (i1 :> 0 @@ i2 :> 3 @@ i3 :> 0),
       (i1 :> 1 @@ i2 :> 0 @@ i3 :> 0),
       (i1 :> 1 @@ i2 :> 0 @@ i3 :> 1),
       (i1 :> 1 @@ i2 :> 0 @@ i3 :> 2),
       (i1 :> 1 @@ i2 :> 1 @@ i3 :> 0),
       (i1 :> 1 @@ i2 :> 1 @@ i3 :> 1),
       (i1 :> 1 @@ i2 :> 2 @@ i3 :> 0),
       (i1 :> 2 @@ i2 :> 0 @@ i3 :> 0),
       (i1 :> 2 @@ i2 :> 0 @@ i3 :> 1),
       (i1 :> 2 @@ i2 :> 1 @@ i3 :> 0),
       (i1 :> 3 @@ i2 :> 0 @@ i3 :> 0) } } >>
@!@!@STARTMSG 2189:0 @!@!@
Computing initial states...
@!@!@ENDMSG 2189 @!@!@
@!@!@STARTMSG 2190:0 @!@!@
Finished computing initial states: 1 distinct state generated at 2024-05-19 16:02:59.
@!@!@ENDMSG 2190 @!@!@
@!@!@STARTMSG 2193:0 @!@!@
Model checking completed. No error has been found.
  Estimates of the probability that TLC did not check all reachable states
  because two distinct states had the same fingerprint:
  calculated (optimistic):  val = 1.1E-19
@!@!@ENDMSG 2193 @!@!@
@!@!@STARTMSG 2201:0 @!@!@
The coverage statistics at 2024-05-19 16:02:59
@!@!@ENDMSG 2201 @!@!@
@!@!@STARTMSG 2773:0 @!@!@
<Init line 176, col 1 to line 176, col 4 of module NP1>: 1:1
@!@!@ENDMSG 2773 @!@!@
@!@!@STARTMSG 2221:0 @!@!@
  line 176, col 9 to line 176, col 23 of module NP1: 1
@!@!@ENDMSG 2221 @!@!@
@!@!@STARTMSG 2772:0 @!@!@
<Lbl_1 line 178, col 1 to line 178, col 5 of module NP1>: 1:1
@!@!@ENDMSG 2772 @!@!@
@!@!@STARTMSG 2221:0 @!@!@
  line 178, col 13 to line 178, col 24 of module NP1: 3
@!@!@ENDMSG 2221 @!@!@
@!@!@STARTMSG 2221:0 @!@!@
  |line 178, col 13 to line 178, col 14 of module NP1: 2
@!@!@ENDMSG 2221 @!@!@
@!@!@STARTMSG 2221:0 @!@!@
  line 179, col 13 to line 179, col 16 of module NP1: 1
@!@!@ENDMSG 2221 @!@!@
@!@!@STARTMSG 2221:0 @!@!@
  line 180, col 13 to line 180, col 24 of module NP1: 1
@!@!@ENDMSG 2221 @!@!@
@!@!@STARTMSG 2772:0 @!@!@
<Terminating line 183, col 1 to line 183, col 11 of module NP1>: 0:1
@!@!@ENDMSG 2772 @!@!@
@!@!@STARTMSG 2221:0 @!@!@
  line 183, col 16 to line 183, col 26 of module NP1: 3
@!@!@ENDMSG 2221 @!@!@
@!@!@STARTMSG 2221:0 @!@!@
  |line 183, col 16 to line 183, col 17 of module NP1: 2
@!@!@ENDMSG 2221 @!@!@
@!@!@STARTMSG 2221:0 @!@!@
  line 183, col 31 to line 183, col 44 of module NP1: 1
@!@!@ENDMSG 2221 @!@!@
@!@!@STARTMSG 2202:0 @!@!@
End of statistics.
@!@!@ENDMSG 2202 @!@!@
@!@!@STARTMSG 2200:0 @!@!@
Progress(2) at 2024-05-19 16:02:59: 3 states generated (4 s/min), 2 distinct states found (3 ds/min), 0 states left on queue.
@!@!@ENDMSG 2200 @!@!@
@!@!@STARTMSG 2199:0 @!@!@
3 states generated, 2 distinct states found, 0 states left on queue.
@!@!@ENDMSG 2199 @!@!@
@!@!@STARTMSG 2194:0 @!@!@
The depth of the complete state graph search is 2.
@!@!@ENDMSG 2194 @!@!@
@!@!@STARTMSG 2268:0 @!@!@
The average outdegree of the complete state graph is 1 (minimum is 0, the maximum 1 and the 95th percentile is 1).
@!@!@ENDMSG 2268 @!@!@
@!@!@STARTMSG 2186:0 @!@!@
Finished in 38628ms at (2024-05-19 16:02:59)
@!@!@ENDMSG 2186 @!@!@
