@!@!@STARTMSG 2262:0 @!@!@
TLC2 Version 2.16 of 31 December 2020 (rev: cdddf55)
@!@!@ENDMSG 2262 @!@!@
@!@!@STARTMSG 2187:0 @!@!@
Running breadth-first search Model-Checking with fp 82 and seed 1719578825688937939 with 4 workers on 8 cores with 587MB heap and 1318MB offheap memory [pid: 18248] (Windows 10 10.0 amd64, AdoptOpenJDK 14.0.1 x86_64, OffHeapDiskFPSet, DiskStateQueue).
@!@!@ENDMSG 2187 @!@!@
@!@!@STARTMSG 2220:0 @!@!@
Starting SANY...
@!@!@ENDMSG 2220 @!@!@
Parsing file C:\tlaplus\workspace\NP1.toolbox\Model_1\MC.tla
Parsing file C:\tlaplus\workspace\NP1.toolbox\Model_1\NP1.tla
Labels added.
Parsing file C:\tlaplus\toolbox\plugins\org.lamport.tlatools_1.0.0.202012311918\tla2sany\StandardModules\TLC.tla
Parsing file C:\tlaplus\toolbox\plugins\org.lamport.tlatools_1.0.0.202012311918\tla2sany\StandardModules\Sequences.tla
Parsing file C:\tlaplus\toolbox\plugins\org.lamport.tlatools_1.0.0.202012311918\tla2sany\StandardModules\Integers.tla
Parsing file C:\tlaplus\toolbox\plugins\org.lamport.tlatools_1.0.0.202012311918\tla2sany\StandardModules\FiniteSets.tla
Parsing file C:\tlaplus\toolbox\plugins\org.lamport.tlatools_1.0.0.202012311918\tla2sany\StandardModules\Naturals.tla
Parsing file C:\tlaplus\libs\PT.tla
Semantic processing of module Naturals
Semantic processing of module Sequences
Semantic processing of module Integers
Semantic processing of module FiniteSets
Semantic processing of module TLC
Semantic processing of module PT
Semantic processing of module NP1
Semantic processing of module MC
@!@!@STARTMSG 2219:0 @!@!@
SANY finished.
@!@!@ENDMSG 2219 @!@!@
@!@!@STARTMSG 2185:0 @!@!@
Starting... (2024-05-12 23:27:59)
@!@!@ENDMSG 2185 @!@!@
@!@!@STARTMSG 2189:0 @!@!@
Computing initial states...
@!@!@ENDMSG 2189 @!@!@
@!@!@STARTMSG 2269:0 @!@!@
Computed 2 initial states...
@!@!@ENDMSG 2269 @!@!@
@!@!@STARTMSG 2269:0 @!@!@
Computed 4 initial states...
@!@!@ENDMSG 2269 @!@!@
@!@!@STARTMSG 2269:0 @!@!@
Computed 8 initial states...
@!@!@ENDMSG 2269 @!@!@
@!@!@STARTMSG 2269:0 @!@!@
Computed 16 initial states...
@!@!@ENDMSG 2269 @!@!@
@!@!@STARTMSG 2269:0 @!@!@
Computed 32 initial states...
@!@!@ENDMSG 2269 @!@!@
@!@!@STARTMSG 2269:0 @!@!@
Computed 64 initial states...
@!@!@ENDMSG 2269 @!@!@
@!@!@STARTMSG 2269:0 @!@!@
Computed 128 initial states...
@!@!@ENDMSG 2269 @!@!@
@!@!@STARTMSG 2269:0 @!@!@
Computed 256 initial states...
@!@!@ENDMSG 2269 @!@!@
@!@!@STARTMSG 2269:0 @!@!@
Computed 512 initial states...
@!@!@ENDMSG 2269 @!@!@
@!@!@STARTMSG 2269:0 @!@!@
Computed 1024 initial states...
@!@!@ENDMSG 2269 @!@!@
@!@!@STARTMSG 2269:0 @!@!@
Computed 2048 initial states...
@!@!@ENDMSG 2269 @!@!@
@!@!@STARTMSG 2269:0 @!@!@
Computed 4096 initial states...
@!@!@ENDMSG 2269 @!@!@
@!@!@STARTMSG 2190:0 @!@!@
Finished computing initial states: 5832 distinct states generated at 2024-05-12 23:28:00.
@!@!@ENDMSG 2190 @!@!@
@!@!@STARTMSG 1000:1 @!@!@
TLC threw an unexpected exception.
This was probably caused by an error in the spec or model.
See the User Output or TLC Console for clues to what happened.
The exception was a java.lang.RuntimeException
: Attempted to check if 
{[a |-> 0, b |-> 0, c |-> 0], [a |-> 0, b |-> 0, c |-> 1], [a |-> 0, b |-> 0, c |-> 2], [a |-> 0, b |-> 0, c |-> 3], [a |-> 0, b |-> 1, c |-> 0], [a |-> 0, b |-> 1, c |-> 1], [a |-> 0, b |-> 1, c |-> 2], [a |-> 0, b |-> 2, c |-> 0], [a |-> 0, b |-> 2, c |-> 1], [a |-> 0, b |-> 3, c |-> 0], [a |-> 1, b |-> 0, c |-> 0], [a |-> 1, b |-> 0, c |-> 1], [a |-> 1, b |-> 0, c |-> 2], [a |-> 1, b |-> 1, c |-> 0], [a |-> 1, b |-> 1, c |-> 1], [a |-> 1, b |-> 2, c |-> 0], [a |-> 2, b |-> 0, c |-> 0], [a |-> 2, b |-> 0, c |-> 1], [a |-> 2, b |-> 1, c |-> 0], [a |-> 3, b |-> 0, c |-> 0]}
which is not a TLC function value, is in the set of functions:
{ [a |-> 0, b |-> 0, c |-> 0],
  [a |-> 0, b |-> 0, c |-> 1],
  [a |-> 0, b |-> 0, c |-> 2],
  [a |-> 0, b |-> 0, c |-> 3],
  [a |-> 0, b |-> 0, c |-> 4],
  [a |-> 0, b |-> 1, c |-> 0],
  [a |-> 0, b |-> 1, c |-> 1],
  [a |-> 0, b |-> 1, c |-> 2],
  [a |-> 0, b |-> 1, c |-> 3],
  [a |-> 0, b |-> 1, c |-> 4],
  [a |-> 0, b |-> 2, c |-> 0],
  [a |-> 0, b |-> 2, c |-> 1],
  [a |-> 0, b |-> 2, c |-> 2],
  [a |-> 0, b |-> 2, c |-> 3],
  [a |-> 0, b |-> 2, c |-> 4],
  [a |-> 0, b |-> 3, c |-> 0],
  [a |-> 0, b |-> 3, c |-> 1],
  [a |-> 0, b |-> 3, c |-> 2],
  [a |-> 0, b |-> 3, c |-> 3],
  [a |-> 0, b |-> 3, c |-> 4],
  [a |-> 0, b |-> 4, c |-> 0],
  [a |-> 0, b |-> 4, c |-> 1],
  [a |-> 0, b |-> 4, c |-> 2],
  [a |-> 0, b |-> 4, c |-> 3],
  [a |-> 0, b |-> 4, c |-> 4],
  [a |-> 1, b |-> 0, c |-> 0],
  [a |-> 1, b |-> 0, c |-> 1],
  [a |-> 1, b |-> 0, c |-> 2],
  [a |-> 1, b |-> 0, c |-> 3],
  [a |-> 1, b |-> 0, c |-> 4],
  [a |-> 1, b |-> 1, c |-> 0],
  [a |-> 1, b |-> 1, c |-> 1],
  [a |-> 1, b |-> 1, c |-> 2],
  [a |-> 1, b |-> 1, c |-> 3],
  [a |-> 1, b |-> 1, c |-> 4],
  [a |-> 1, b |-> 2, c |-> 0],
  [a |-> 1, b |-> 2, c |-> 1],
  [a |-> 1, b |-> 2, c |-> 2],
  [a |-> 1, b |-> 2, c |-> 3],
  [a |-> 1, b |-> 2, c |-> 4],
  [a |-> 1, b |-> 3, c |-> 0],
  [a |-> 1, b |-> 3, c |-> 1],
  [a |-> 1, b |-> 3, c |-> 2],
  [a |-> 1, b |-> 3, c |-> 3],
  [a |-> 1, b |-> 3, c |-> 4],
  [a |-> 1, b |-> 4, c |-> 0],
  [a |-> 1, b |-> 4, c |-> 1],
  [a |-> 1, b |-> 4, c |-> 2],
  [a |-> 1, b |-> 4, c |-> 3],
  [a |-> 1, b |-> 4, c |-> 4],
  [a |-> 2, b |-> 0, c |-> 0],
  [a |-> 2, b |-> 0, c |-> 1],
  [a |-> 2, b |-> 0, c |-> 2],
  [a |-> 2, b |-> 0, c |-> 3],
  [a |-> 2, b |-> 0, c |-> 4],
  [a |-> 2, b |-> 1, c |-> 0],
  [a |-> 2, b |-> 1, c |-> 1],
  [a |-> 2, b |-> 1, c |-> 2],
  [a |-> 2, b |-> 1, c |-> 3],
  [a |-> 2, b |-> 1, c |-> 4],
  [a |-> 2, b |-> 2, c |-> 0],
  [a |-> 2, b |-> 2, c |-> 1],
  [a |-> 2, b |-> 2, c |-> 2],
  [a |-> 2, b |-> 2, c |-> 3],
  [a |-> 2, b |-> 2, c |-> 4],
  [a |-> 2, b |-> 3, c |-> 0],
  [a |-> 2, b |-> 3, c |-> 1],
  [a |-> 2, b |-> 3, c |-> 2],
  [a |-> 2, b |-> 3, c |-> 3],
  [a |-> 2, b |-> 3, c |-> 4],
  [a |-> 2, b |-> 4, c |-> 0],
  [a |-> 2, b |-> 4, c |-> 1],
  [a |-> 2, b |-> 4, c |-> 2],
  [a |-> 2, b |-> 4, c |-> 3],
  [a |-> 2, b |-> 4, c |-> 4],
  [a |-> 3, b |-> 0, c |-> 0],
  [a |-> 3, b |-> 0, c |-> 1],
  [a |-> 3, b |-> 0, c |-> 2],
  [a |-> 3, b |-> 0, c |-> 3],
  [a |-> 3, b |-> 0, c |-> 4],
  [a |-> 3, b |-> 1, c |-> 0],
  [a |-> 3, b |-> 1, c |-> 1],
  [a |-> 3, b |-> 1, c |-> 2],
  [a |-> 3, b |-> 1, c |-> 3],
  [a |-> 3, b |-> 1, c |-> 4],
  [a |-> 3, b |-> 2, c |-> 0],
  [a |-> 3, b |-> 2, c |-> 1],
  [a |-> 3, b |-> 2, c |-> 2],
  [a |-> 3, b |-> 2, c |-> 3],
  [a |-> 3, b |-> 2, c |-> 4],
  [a |-> 3, b |-> 3, c |-> 0],
  [a |-> 3, b |-> 3, c |-> 1],
  [a |-> 3, b |-> 3, c |-> 2],
  [a |-> 3, b |-> 3, c |-> 3],
  [a |-> 3, b |-> 3, c |-> 4],
  [a |-> 3, b |-> 4, c |-> 0],
  [a |-> 3, b |-> 4, c |-> 1],
  [a |-> 3, b |-> 4, c |-> 2],
  [a |-> 3, b |-> 4, c |-> 3],
  [a |-> 3, b |-> 4, c |-> 4],
  [a |-> 4, b |-> 0, c |-> 0],
  [a |-> 4, b |-> 0, c |-> 1],
  [a |-> 4, b |-> 0, c |-> 2],
  [a |-> 4, b |-> 0, c |-> 3],
  [a |-> 4, b |-> 0, c |-> 4],
  [a |-> 4, b |-> 1, c |-> 0],
  [a |-> 4, b |-> 1, c |-> 1],
  [a |-> 4, b |-> 1, c |-> 2],
  [a |-> 4, b |-> 1, c |-> 3],
  [a |-> 4, b |-> 1, c |-> 4],
  [a |-> 4, b |-> 2, c |-> 0],
  [a |-> 4, b |-> 2, c |-> 1],
  [a |-> 4, b |-> 2, c |-> 2],
  [a |-> 4, b |-> 2, c |-> 3],
  [a |-> 4, b |-> 2, c |-> 4],
  [a |-> 4, b |-> 3, c |-> 0],
  [a |-> 4, b |-> 3, c |-> 1],
  [a |-> 4, b |-> 3, c |-> 2],
  [a |-> 4, b |-> 3, c |-> 3],
  [a |-> 4, b |-> 3, c |-> 4],
  [a |-> 4, b |-> 4, c |-> 0],
  [a |-> 4, b |-> 4, c |-> 1],
  [a |-> 4, b |-> 4, c |-> 2],
  [a |-> 4, b |-> 4, c |-> 3],
  [a |-> 4, b |-> 4, c |-> 4] }
@!@!@ENDMSG 1000 @!@!@
@!@!@STARTMSG 2121:1 @!@!@
The behavior up to this point is:
@!@!@ENDMSG 2121 @!@!@
@!@!@STARTMSG 2217:4 @!@!@
1: <Initial predicate>
/\ pc = "Lbl_1"
/\ itemset = [ a |-> [size |-> 2, value |-> 0],
  b |-> [size |-> 2, value |-> 0],
  c |-> [size |-> 2, value |-> 0] ]

@!@!@ENDMSG 2217 @!@!@
@!@!@STARTMSG 2147:1 @!@!@
TLC was unable to fingerprint.

Fingerprint Stack Trace:
0) line 38, col 15 to line 38, col 29 of module NP1

Reason:
Attempted to check if 
{[a |-> 0, b |-> 0, c |-> 0], [a |-> 0, b |-> 0, c |-> 1], [a |-> 0, b |-> 0, c |-> 2], [a |-> 0, b |-> 0, c |-> 3], [a |-> 0, b |-> 1, c |-> 0], [a |-> 0, b |-> 1, c |-> 1], [a |-> 0, b |-> 1, c |-> 2], [a |-> 0, b |-> 2, c |-> 0], [a |-> 0, b |-> 2, c |-> 1], [a |-> 0, b |-> 3, c |-> 0], [a |-> 1, b |-> 0, c |-> 0], [a |-> 1, b |-> 0, c |-> 1], [a |-> 1, b |-> 0, c |-> 2], [a |-> 1, b |-> 1, c |-> 0], [a |-> 1, b |-> 1, c |-> 1], [a |-> 1, b |-> 2, c |-> 0], [a |-> 2, b |-> 0, c |-> 0], [a |-> 2, b |-> 0, c |-> 1], [a |-> 2, b |-> 1, c |-> 0], [a |-> 3, b |-> 0, c |-> 0]}
which is not a TLC function value, is in the set of functions:
{ [a |-> 0, b |-> 0, c |-> 0],
  [a |-> 0, b |-> 0, c |-> 1],
  [a |-> 0, b |-> 0, c |-> 2],
  [a |-> 0, b |-> 0, c |-> 3],
  [a |-> 0, b |-> 0, c |-> 4],
  [a |-> 0, b |-> 1, c |-> 0],
  [a |-> 0, b |-> 1, c |-> 1],
  [a |-> 0, b |-> 1, c |-> 2],
  [a |-> 0, b |-> 1, c |-> 3],
  [a |-> 0, b |-> 1, c |-> 4],
  [a |-> 0, b |-> 2, c |-> 0],
  [a |-> 0, b |-> 2, c |-> 1],
  [a |-> 0, b |-> 2, c |-> 2],
  [a |-> 0, b |-> 2, c |-> 3],
  [a |-> 0, b |-> 2, c |-> 4],
  [a |-> 0, b |-> 3, c |-> 0],
  [a |-> 0, b |-> 3, c |-> 1],
  [a |-> 0, b |-> 3, c |-> 2],
  [a |-> 0, b |-> 3, c |-> 3],
  [a |-> 0, b |-> 3, c |-> 4],
  [a |-> 0, b |-> 4, c |-> 0],
  [a |-> 0, b |-> 4, c |-> 1],
  [a |-> 0, b |-> 4, c |-> 2],
  [a |-> 0, b |-> 4, c |-> 3],
  [a |-> 0, b |-> 4, c |-> 4],
  [a |-> 1, b |-> 0, c |-> 0],
  [a |-> 1, b |-> 0, c |-> 1],
  [a |-> 1, b |-> 0, c |-> 2],
  [a |-> 1, b |-> 0, c |-> 3],
  [a |-> 1, b |-> 0, c |-> 4],
  [a |-> 1, b |-> 1, c |-> 0],
  [a |-> 1, b |-> 1, c |-> 1],
  [a |-> 1, b |-> 1, c |-> 2],
  [a |-> 1, b |-> 1, c |-> 3],
  [a |-> 1, b |-> 1, c |-> 4],
  [a |-> 1, b |-> 2, c |-> 0],
  [a |-> 1, b |-> 2, c |-> 1],
  [a |-> 1, b |-> 2, c |-> 2],
  [a |-> 1, b |-> 2, c |-> 3],
  [a |-> 1, b |-> 2, c |-> 4],
  [a |-> 1, b |-> 3, c |-> 0],
  [a |-> 1, b |-> 3, c |-> 1],
  [a |-> 1, b |-> 3, c |-> 2],
  [a |-> 1, b |-> 3, c |-> 3],
  [a |-> 1, b |-> 3, c |-> 4],
  [a |-> 1, b |-> 4, c |-> 0],
  [a |-> 1, b |-> 4, c |-> 1],
  [a |-> 1, b |-> 4, c |-> 2],
  [a |-> 1, b |-> 4, c |-> 3],
  [a |-> 1, b |-> 4, c |-> 4],
  [a |-> 2, b |-> 0, c |-> 0],
  [a |-> 2, b |-> 0, c |-> 1],
  [a |-> 2, b |-> 0, c |-> 2],
  [a |-> 2, b |-> 0, c |-> 3],
  [a |-> 2, b |-> 0, c |-> 4],
  [a |-> 2, b |-> 1, c |-> 0],
  [a |-> 2, b |-> 1, c |-> 1],
  [a |-> 2, b |-> 1, c |-> 2],
  [a |-> 2, b |-> 1, c |-> 3],
  [a |-> 2, b |-> 1, c |-> 4],
  [a |-> 2, b |-> 2, c |-> 0],
  [a |-> 2, b |-> 2, c |-> 1],
  [a |-> 2, b |-> 2, c |-> 2],
  [a |-> 2, b |-> 2, c |-> 3],
  [a |-> 2, b |-> 2, c |-> 4],
  [a |-> 2, b |-> 3, c |-> 0],
  [a |-> 2, b |-> 3, c |-> 1],
  [a |-> 2, b |-> 3, c |-> 2],
  [a |-> 2, b |-> 3, c |-> 3],
  [a |-> 2, b |-> 3, c |-> 4],
  [a |-> 2, b |-> 4, c |-> 0],
  [a |-> 2, b |-> 4, c |-> 1],
  [a |-> 2, b |-> 4, c |-> 2],
  [a |-> 2, b |-> 4, c |-> 3],
  [a |-> 2, b |-> 4, c |-> 4],
  [a |-> 3, b |-> 0, c |-> 0],
  [a |-> 3, b |-> 0, c |-> 1],
  [a |-> 3, b |-> 0, c |-> 2],
  [a |-> 3, b |-> 0, c |-> 3],
  [a |-> 3, b |-> 0, c |-> 4],
  [a |-> 3, b |-> 1, c |-> 0],
  [a |-> 3, b |-> 1, c |-> 1],
  [a |-> 3, b |-> 1, c |-> 2],
  [a |-> 3, b |-> 1, c |-> 3],
  [a |-> 3, b |-> 1, c |-> 4],
  [a |-> 3, b |-> 2, c |-> 0],
  [a |-> 3, b |-> 2, c |-> 1],
  [a |-> 3, b |-> 2, c |-> 2],
  [a |-> 3, b |-> 2, c |-> 3],
  [a |-> 3, b |-> 2, c |-> 4],
  [a |-> 3, b |-> 3, c |-> 0],
  [a |-> 3, b |-> 3, c |-> 1],
  [a |-> 3, b |-> 3, c |-> 2],
  [a |-> 3, b |-> 3, c |-> 3],
  [a |-> 3, b |-> 3, c |-> 4],
  [a |-> 3, b |-> 4, c |-> 0],
  [a |-> 3, b |-> 4, c |-> 1],
  [a |-> 3, b |-> 4, c |-> 2],
  [a |-> 3, b |-> 4, c |-> 3],
  [a |-> 3, b |-> 4, c |-> 4],
  [a |-> 4, b |-> 0, c |-> 0],
  [a |-> 4, b |-> 0, c |-> 1],
  [a |-> 4, b |-> 0, c |-> 2],
  [a |-> 4, b |-> 0, c |-> 3],
  [a |-> 4, b |-> 0, c |-> 4],
  [a |-> 4, b |-> 1, c |-> 0],
  [a |-> 4, b |-> 1, c |-> 1],
  [a |-> 4, b |-> 1, c |-> 2],
  [a |-> 4, b |-> 1, c |-> 3],
  [a |-> 4, b |-> 1, c |-> 4],
  [a |-> 4, b |-> 2, c |-> 0],
  [a |-> 4, b |-> 2, c |-> 1],
  [a |-> 4, b |-> 2, c |-> 2],
  [a |-> 4, b |-> 2, c |-> 3],
  [a |-> 4, b |-> 2, c |-> 4],
  [a |-> 4, b |-> 3, c |-> 0],
  [a |-> 4, b |-> 3, c |-> 1],
  [a |-> 4, b |-> 3, c |-> 2],
  [a |-> 4, b |-> 3, c |-> 3],
  [a |-> 4, b |-> 3, c |-> 4],
  [a |-> 4, b |-> 4, c |-> 0],
  [a |-> 4, b |-> 4, c |-> 1],
  [a |-> 4, b |-> 4, c |-> 2],
  [a |-> 4, b |-> 4, c |-> 3],
  [a |-> 4, b |-> 4, c |-> 4] }
@!@!@ENDMSG 2147 @!@!@
@!@!@STARTMSG 2201:0 @!@!@
The coverage statistics at 2024-05-12 23:28:01
@!@!@ENDMSG 2201 @!@!@
@!@!@STARTMSG 2773:0 @!@!@
<Init line 168, col 1 to line 168, col 4 of module NP1>: 5832:5832
@!@!@ENDMSG 2773 @!@!@
@!@!@STARTMSG 2221:0 @!@!@
  line 169, col 12 to line 169, col 31 of module NP1: 1
@!@!@ENDMSG 2221 @!@!@
@!@!@STARTMSG 2221:0 @!@!@
  line 170, col 12 to line 170, col 23 of module NP1: 5832
@!@!@ENDMSG 2221 @!@!@
@!@!@STARTMSG 2772:0 @!@!@
<Lbl_1 line 172, col 1 to line 172, col 5 of module NP1>: 0:0
@!@!@ENDMSG 2772 @!@!@
@!@!@STARTMSG 2221:0 @!@!@
  line 172, col 13 to line 172, col 24 of module NP1: 5
@!@!@ENDMSG 2221 @!@!@
@!@!@STARTMSG 2221:0 @!@!@
  line 174, col 20 to line 174, col 69 of module NP1: 5
@!@!@ENDMSG 2221 @!@!@
@!@!@STARTMSG 2221:0 @!@!@
  |line 174, col 20 to line 174, col 41 of module NP1: 5
@!@!@ENDMSG 2221 @!@!@
@!@!@STARTMSG 2221:0 @!@!@
  ||line 142, col 16 to line 142, col 38 of module NP1: 5
@!@!@ENDMSG 2221 @!@!@
@!@!@STARTMSG 2775:0 @!@!@
  |||line 38, col 5 to line 38, col 71 of module NP1: 5:2028
@!@!@ENDMSG 2775 @!@!@
@!@!@STARTMSG 2221:0 @!@!@
  ||||line 38, col 32 to line 38, col 70 of module NP1: 1914
@!@!@ENDMSG 2221 @!@!@
@!@!@STARTMSG 2775:0 @!@!@
  ||||line 38, col 15 to line 38, col 29 of module NP1: 5:5742
@!@!@ENDMSG 2775 @!@!@
@!@!@STARTMSG 2221:0 @!@!@
  |||line 142, col 31 to line 142, col 37 of module NP1: 5
@!@!@ENDMSG 2221 @!@!@
@!@!@STARTMSG 2221:0 @!@!@
  ||line 143, col 17 to line 145, col 43 of module NP1: 5
@!@!@ENDMSG 2221 @!@!@
@!@!@STARTMSG 2221:0 @!@!@
  |||line 144, col 13 to line 145, col 43 of module NP1: 14
@!@!@ENDMSG 2221 @!@!@
@!@!@STARTMSG 2221:0 @!@!@
  ||||line 145, col 17 to line 145, col 43 of module NP1: 113
@!@!@ENDMSG 2221 @!@!@
@!@!@STARTMSG 2221:0 @!@!@
  ||||line 144, col 26 to line 144, col 37 of module NP1: 14
@!@!@ENDMSG 2221 @!@!@
@!@!@STARTMSG 2221:0 @!@!@
  |||line 143, col 33 to line 143, col 35 of module NP1: 5
@!@!@ENDMSG 2221 @!@!@
@!@!@STARTMSG 2775:0 @!@!@
  ||line 147, col 9 to line 147, col 43 of module NP1: 5:143
@!@!@ENDMSG 2775 @!@!@
@!@!@STARTMSG 2221:0 @!@!@
  |||line 147, col 21 to line 147, col 42 of module NP1: 100
@!@!@ENDMSG 2221 @!@!@
@!@!@STARTMSG 2221:0 @!@!@
  |||line 147, col 16 to line 147, col 18 of module NP1: 5
@!@!@ENDMSG 2221 @!@!@
@!@!@STARTMSG 2221:0 @!@!@
  ||line 174, col 34 to line 174, col 40 of module NP1: 5
@!@!@ENDMSG 2221 @!@!@
@!@!@STARTMSG 2221:0 @!@!@
  |line 174, col 47 to line 174, col 69 of module NP1: 5
@!@!@ENDMSG 2221 @!@!@
@!@!@STARTMSG 2221:0 @!@!@
  line 176, col 13 to line 176, col 24 of module NP1: 0
@!@!@ENDMSG 2221 @!@!@
@!@!@STARTMSG 2221:0 @!@!@
  line 177, col 13 to line 177, col 29 of module NP1: 0
@!@!@ENDMSG 2221 @!@!@
@!@!@STARTMSG 2772:0 @!@!@
<Terminating line 180, col 1 to line 180, col 11 of module NP1>: 0:0
@!@!@ENDMSG 2772 @!@!@
@!@!@STARTMSG 2221:0 @!@!@
  line 180, col 31 to line 180, col 44 of module NP1: 0
@!@!@ENDMSG 2221 @!@!@
@!@!@STARTMSG 2202:0 @!@!@
End of statistics.
@!@!@ENDMSG 2202 @!@!@
@!@!@STARTMSG 2200:0 @!@!@
Progress(1) at 2024-05-12 23:28:01: 5,832 states generated (176,370 s/min), 5,832 distinct states found (176,370 ds/min), 5,828 states left on queue.
@!@!@ENDMSG 2200 @!@!@
@!@!@STARTMSG 2199:0 @!@!@
5832 states generated, 5832 distinct states found, 5828 states left on queue.
@!@!@ENDMSG 2199 @!@!@
@!@!@STARTMSG 2186:0 @!@!@
Finished in 1998ms at (2024-05-12 23:28:01)
@!@!@ENDMSG 2186 @!@!@
