@!@!@STARTMSG 2262:0 @!@!@
TLC2 Version 2.16 of 31 December 2020 (rev: cdddf55)
@!@!@ENDMSG 2262 @!@!@
@!@!@STARTMSG 2187:0 @!@!@
Running breadth-first search Model-Checking with fp 84 and seed 1722221459821785228 with 4 workers on 8 cores with 587MB heap and 1318MB offheap memory [pid: 4988] (Windows 10 10.0 amd64, AdoptOpenJDK 14.0.1 x86_64, OffHeapDiskFPSet, DiskStateQueue).
@!@!@ENDMSG 2187 @!@!@
@!@!@STARTMSG 2220:0 @!@!@
Starting SANY...
@!@!@ENDMSG 2220 @!@!@
Parsing file C:\tlaplus\workspace\mque.toolbox\Model_1\MC.tla
Parsing file C:\tlaplus\workspace\mque.toolbox\Model_1\mque.tla
Parsing file C:\tlaplus\toolbox\plugins\org.lamport.tlatools_1.0.0.202012311918\tla2sany\StandardModules\TLC.tla
Parsing file C:\tlaplus\toolbox\plugins\org.lamport.tlatools_1.0.0.202012311918\tla2sany\StandardModules\Integers.tla
Parsing file C:\tlaplus\toolbox\plugins\org.lamport.tlatools_1.0.0.202012311918\tla2sany\StandardModules\Sequences.tla
Parsing file C:\tlaplus\toolbox\plugins\org.lamport.tlatools_1.0.0.202012311918\tla2sany\StandardModules\Naturals.tla
Parsing file C:\tlaplus\toolbox\plugins\org.lamport.tlatools_1.0.0.202012311918\tla2sany\StandardModules\FiniteSets.tla
Semantic processing of module Naturals
Semantic processing of module Sequences
Semantic processing of module FiniteSets
Semantic processing of module TLC
Semantic processing of module Integers
Semantic processing of module mque
Semantic processing of module MC
@!@!@STARTMSG 2219:0 @!@!@
SANY finished.
@!@!@ENDMSG 2219 @!@!@
@!@!@STARTMSG 2185:0 @!@!@
Starting... (2024-05-17 18:33:06)
@!@!@ENDMSG 2185 @!@!@
@!@!@STARTMSG 2189:0 @!@!@
Computing initial states...
@!@!@ENDMSG 2189 @!@!@
@!@!@STARTMSG 2190:0 @!@!@
Finished computing initial states: 1 distinct state generated at 2024-05-17 18:33:06.
@!@!@ENDMSG 2190 @!@!@
@!@!@STARTMSG 2114:1 @!@!@
Deadlock reached.
@!@!@ENDMSG 2114 @!@!@
@!@!@STARTMSG 2121:1 @!@!@
The behavior up to this point is:
@!@!@ENDMSG 2121 @!@!@
@!@!@STARTMSG 2217:4 @!@!@
1: <Initial predicate>
/\ val = [writer |-> 1, r1 |-> 1, r2 |-> 1]
/\ stack = [writer |-> <<>>, r1 |-> <<>>, r2 |-> <<>>]
/\ current_message = [r1 |-> "none", r2 |-> "none"]
/\ pc = [writer |-> "Write", r1 |-> "Read", r2 |-> "Read"]
/\ queue = <<>>

@!@!@ENDMSG 2217 @!@!@
@!@!@STARTMSG 2217:4 @!@!@
2: <Write line 88, col 10 to line 95, col 50 of module mque>
/\ val = [writer |-> "msg", r1 |-> 1, r2 |-> 1]
/\ stack = [ writer |-> <<[pc |-> "Write", val |-> 1, procedure |-> "add_to_queue"]>>,
  r1 |-> <<>>,
  r2 |-> <<>> ]
/\ current_message = [r1 |-> "none", r2 |-> "none"]
/\ pc = [writer |-> "Add", r1 |-> "Read", r2 |-> "Read"]
/\ queue = <<>>

@!@!@ENDMSG 2217 @!@!@
@!@!@STARTMSG 2217:4 @!@!@
3: <Add line 78, col 14 to line 84, col 41 of module mque>
/\ val = [writer |-> 1, r1 |-> 1, r2 |-> 1]
/\ stack = [writer |-> <<>>, r1 |-> <<>>, r2 |-> <<>>]
/\ current_message = [r1 |-> "none", r2 |-> "none"]
/\ pc = [writer |-> "Write", r1 |-> "Read", r2 |-> "Read"]
/\ queue = <<"msg">>

@!@!@ENDMSG 2217 @!@!@
@!@!@STARTMSG 2217:4 @!@!@
4: <Write line 88, col 10 to line 95, col 50 of module mque>
/\ val = [writer |-> "msg", r1 |-> 1, r2 |-> 1]
/\ stack = [ writer |-> <<[pc |-> "Write", val |-> 1, procedure |-> "add_to_queue"]>>,
  r1 |-> <<>>,
  r2 |-> <<>> ]
/\ current_message = [r1 |-> "none", r2 |-> "none"]
/\ pc = [writer |-> "Add", r1 |-> "Read", r2 |-> "Read"]
/\ queue = <<"msg">>

@!@!@ENDMSG 2217 @!@!@
@!@!@STARTMSG 2217:4 @!@!@
5: <Add line 78, col 14 to line 84, col 41 of module mque>
/\ val = [writer |-> 1, r1 |-> 1, r2 |-> 1]
/\ stack = [writer |-> <<>>, r1 |-> <<>>, r2 |-> <<>>]
/\ current_message = [r1 |-> "none", r2 |-> "none"]
/\ pc = [writer |-> "Write", r1 |-> "Read", r2 |-> "Read"]
/\ queue = <<"msg", "msg">>

@!@!@ENDMSG 2217 @!@!@
@!@!@STARTMSG 2217:4 @!@!@
6: <Write line 88, col 10 to line 95, col 50 of module mque>
/\ val = [writer |-> "msg", r1 |-> 1, r2 |-> 1]
/\ stack = [ writer |-> <<[pc |-> "Write", val |-> 1, procedure |-> "add_to_queue"]>>,
  r1 |-> <<>>,
  r2 |-> <<>> ]
/\ current_message = [r1 |-> "none", r2 |-> "none"]
/\ pc = [writer |-> "Add", r1 |-> "Read", r2 |-> "Read"]
/\ queue = <<"msg", "msg">>

@!@!@ENDMSG 2217 @!@!@
@!@!@STARTMSG 2217:4 @!@!@
7: <Add line 78, col 14 to line 84, col 41 of module mque>
/\ val = [writer |-> 1, r1 |-> 1, r2 |-> 1]
/\ stack = [writer |-> <<>>, r1 |-> <<>>, r2 |-> <<>>]
/\ current_message = [r1 |-> "none", r2 |-> "none"]
/\ pc = [writer |-> "Write", r1 |-> "Read", r2 |-> "Read"]
/\ queue = <<"msg", "msg", "msg">>

@!@!@ENDMSG 2217 @!@!@
@!@!@STARTMSG 2217:4 @!@!@
8: <Write line 88, col 10 to line 95, col 50 of module mque>
/\ val = [writer |-> "msg", r1 |-> 1, r2 |-> 1]
/\ stack = [ writer |-> <<[pc |-> "Write", val |-> 1, procedure |-> "add_to_queue"]>>,
  r1 |-> <<>>,
  r2 |-> <<>> ]
/\ current_message = [r1 |-> "none", r2 |-> "none"]
/\ pc = [writer |-> "Add", r1 |-> "Read", r2 |-> "Read"]
/\ queue = <<"msg", "msg", "msg">>

@!@!@ENDMSG 2217 @!@!@
@!@!@STARTMSG 2217:4 @!@!@
9: <Add line 78, col 14 to line 84, col 41 of module mque>
/\ val = [writer |-> 1, r1 |-> 1, r2 |-> 1]
/\ stack = [writer |-> <<>>, r1 |-> <<>>, r2 |-> <<>>]
/\ current_message = [r1 |-> "none", r2 |-> "none"]
/\ pc = [writer |-> "Write", r1 |-> "Read", r2 |-> "Read"]
/\ queue = <<"msg", "msg", "msg", "msg">>

@!@!@ENDMSG 2217 @!@!@
@!@!@STARTMSG 2217:4 @!@!@
10: <Write line 88, col 10 to line 95, col 50 of module mque>
/\ val = [writer |-> "msg", r1 |-> 1, r2 |-> 1]
/\ stack = [ writer |-> <<[pc |-> "Write", val |-> 1, procedure |-> "add_to_queue"]>>,
  r1 |-> <<>>,
  r2 |-> <<>> ]
/\ current_message = [r1 |-> "none", r2 |-> "none"]
/\ pc = [writer |-> "Add", r1 |-> "Read", r2 |-> "Read"]
/\ queue = <<"msg", "msg", "msg", "msg">>

@!@!@ENDMSG 2217 @!@!@
@!@!@STARTMSG 2217:4 @!@!@
11: <Add line 78, col 14 to line 84, col 41 of module mque>
/\ val = [writer |-> 1, r1 |-> 1, r2 |-> 1]
/\ stack = [writer |-> <<>>, r1 |-> <<>>, r2 |-> <<>>]
/\ current_message = [r1 |-> "none", r2 |-> "none"]
/\ pc = [writer |-> "Write", r1 |-> "Read", r2 |-> "Read"]
/\ queue = <<"msg", "msg", "msg", "msg", "msg">>

@!@!@ENDMSG 2217 @!@!@
@!@!@STARTMSG 2217:4 @!@!@
12: <Write line 88, col 10 to line 95, col 50 of module mque>
/\ val = [writer |-> "msg", r1 |-> 1, r2 |-> 1]
/\ stack = [ writer |-> <<[pc |-> "Write", val |-> 1, procedure |-> "add_to_queue"]>>,
  r1 |-> <<>>,
  r2 |-> <<>> ]
/\ current_message = [r1 |-> "none", r2 |-> "none"]
/\ pc = [writer |-> "Add", r1 |-> "Read", r2 |-> "Read"]
/\ queue = <<"msg", "msg", "msg", "msg", "msg">>

@!@!@ENDMSG 2217 @!@!@
@!@!@STARTMSG 2217:4 @!@!@
13: <Read line 99, col 15 to line 106, col 43 of module mque>
/\ val = [writer |-> "msg", r1 |-> 1, r2 |-> 1]
/\ stack = [ writer |-> <<[pc |-> "Write", val |-> 1, procedure |-> "add_to_queue"]>>,
  r1 |-> <<>>,
  r2 |-> <<>> ]
/\ current_message = [r1 |-> "msg", r2 |-> "none"]
/\ pc = [writer |-> "Add", r1 |-> "NotifyFailure", r2 |-> "Read"]
/\ queue = <<"msg", "msg", "msg", "msg">>

@!@!@ENDMSG 2217 @!@!@
@!@!@STARTMSG 2217:4 @!@!@
14: <Add line 78, col 14 to line 84, col 41 of module mque>
/\ val = [writer |-> 1, r1 |-> 1, r2 |-> 1]
/\ stack = [writer |-> <<>>, r1 |-> <<>>, r2 |-> <<>>]
/\ current_message = [r1 |-> "msg", r2 |-> "none"]
/\ pc = [writer |-> "Write", r1 |-> "NotifyFailure", r2 |-> "Read"]
/\ queue = <<"msg", "msg", "msg", "msg", "msg">>

@!@!@ENDMSG 2217 @!@!@
@!@!@STARTMSG 2217:4 @!@!@
15: <NotifyFailure line 108, col 24 to line 116, col 40 of module mque>
/\ val = [writer |-> 1, r1 |-> "failed:r1", r2 |-> 1]
/\ stack = [ writer |-> <<>>,
  r1 |-> <<[pc |-> "Read", val |-> 1, procedure |-> "add_to_queue"]>>,
  r2 |-> <<>> ]
/\ current_message = [r1 |-> "none", r2 |-> "none"]
/\ pc = [writer |-> "Write", r1 |-> "Add", r2 |-> "Read"]
/\ queue = <<"msg", "msg", "msg", "msg", "msg">>

@!@!@ENDMSG 2217 @!@!@
@!@!@STARTMSG 2217:4 @!@!@
16: <Write line 88, col 10 to line 95, col 50 of module mque>
/\ val = [writer |-> "msg", r1 |-> "failed:r1", r2 |-> 1]
/\ stack = [ writer |-> <<[pc |-> "Write", val |-> 1, procedure |-> "add_to_queue"]>>,
  r1 |-> <<[pc |-> "Read", val |-> 1, procedure |-> "add_to_queue"]>>,
  r2 |-> <<>> ]
/\ current_message = [r1 |-> "none", r2 |-> "none"]
/\ pc = [writer |-> "Add", r1 |-> "Add", r2 |-> "Read"]
/\ queue = <<"msg", "msg", "msg", "msg", "msg">>

@!@!@ENDMSG 2217 @!@!@
@!@!@STARTMSG 2217:4 @!@!@
17: <Read line 99, col 15 to line 106, col 43 of module mque>
/\ val = [writer |-> "msg", r1 |-> "failed:r1", r2 |-> 1]
/\ stack = [ writer |-> <<[pc |-> "Write", val |-> 1, procedure |-> "add_to_queue"]>>,
  r1 |-> <<[pc |-> "Read", val |-> 1, procedure |-> "add_to_queue"]>>,
  r2 |-> <<>> ]
/\ current_message = [r1 |-> "none", r2 |-> "msg"]
/\ pc = [writer |-> "Add", r1 |-> "Add", r2 |-> "NotifyFailure"]
/\ queue = <<"msg", "msg", "msg", "msg">>

@!@!@ENDMSG 2217 @!@!@
@!@!@STARTMSG 2217:4 @!@!@
18: <Add line 78, col 14 to line 84, col 41 of module mque>
/\ val = [writer |-> 1, r1 |-> "failed:r1", r2 |-> 1]
/\ stack = [ writer |-> <<>>,
  r1 |-> <<[pc |-> "Read", val |-> 1, procedure |-> "add_to_queue"]>>,
  r2 |-> <<>> ]
/\ current_message = [r1 |-> "none", r2 |-> "msg"]
/\ pc = [writer |-> "Write", r1 |-> "Add", r2 |-> "NotifyFailure"]
/\ queue = <<"msg", "msg", "msg", "msg", "msg">>

@!@!@ENDMSG 2217 @!@!@
@!@!@STARTMSG 2217:4 @!@!@
19: <Write line 88, col 10 to line 95, col 50 of module mque>
/\ val = [writer |-> "msg", r1 |-> "failed:r1", r2 |-> 1]
/\ stack = [ writer |-> <<[pc |-> "Write", val |-> 1, procedure |-> "add_to_queue"]>>,
  r1 |-> <<[pc |-> "Read", val |-> 1, procedure |-> "add_to_queue"]>>,
  r2 |-> <<>> ]
/\ current_message = [r1 |-> "none", r2 |-> "msg"]
/\ pc = [writer |-> "Add", r1 |-> "Add", r2 |-> "NotifyFailure"]
/\ queue = <<"msg", "msg", "msg", "msg", "msg">>

@!@!@ENDMSG 2217 @!@!@
@!@!@STARTMSG 2217:4 @!@!@
20: <NotifyFailure line 108, col 24 to line 116, col 40 of module mque>
/\ val = [writer |-> "msg", r1 |-> "failed:r1", r2 |-> "failed:r2"]
/\ stack = [ writer |-> <<[pc |-> "Write", val |-> 1, procedure |-> "add_to_queue"]>>,
  r1 |-> <<[pc |-> "Read", val |-> 1, procedure |-> "add_to_queue"]>>,
  r2 |-> <<[pc |-> "Read", val |-> 1, procedure |-> "add_to_queue"]>> ]
/\ current_message = [r1 |-> "none", r2 |-> "none"]
/\ pc = [writer |-> "Add", r1 |-> "Add", r2 |-> "Add"]
/\ queue = <<"msg", "msg", "msg", "msg", "msg">>

@!@!@ENDMSG 2217 @!@!@
@!@!@STARTMSG 2201:0 @!@!@
The coverage statistics at 2024-05-17 18:33:07
@!@!@ENDMSG 2201 @!@!@
@!@!@STARTMSG 2773:0 @!@!@
<Init line 68, col 1 to line 68, col 4 of module mque>: 2:2
@!@!@ENDMSG 2773 @!@!@
@!@!@STARTMSG 2221:0 @!@!@
  line 69, col 9 to line 76, col 75 of module mque: 2
@!@!@ENDMSG 2221 @!@!@
@!@!@STARTMSG 2772:0 @!@!@
<Add line 78, col 1 to line 78, col 9 of module mque>: 1268:2671
@!@!@ENDMSG 2772 @!@!@
@!@!@STARTMSG 2221:0 @!@!@
  line 78, col 17 to line 78, col 32 of module mque: 16199
@!@!@ENDMSG 2221 @!@!@
@!@!@STARTMSG 2221:0 @!@!@
  |line 78, col 17 to line 78, col 24 of module mque: 13528
@!@!@ENDMSG 2221 @!@!@
@!@!@STARTMSG 2221:0 @!@!@
  line 79, col 17 to line 79, col 41 of module mque: 2671
@!@!@ENDMSG 2221 @!@!@
@!@!@STARTMSG 2221:0 @!@!@
  |line 79, col 17 to line 79, col 26 of module mque: 3019
@!@!@ENDMSG 2221 @!@!@
@!@!@STARTMSG 2221:0 @!@!@
  |line 79, col 30 to line 79, col 41 of module mque: 3019
@!@!@ENDMSG 2221 @!@!@
@!@!@STARTMSG 2221:0 @!@!@
  line 80, col 17 to line 80, col 49 of module mque: 2671
@!@!@ENDMSG 2221 @!@!@
@!@!@STARTMSG 2221:0 @!@!@
  line 81, col 17 to line 81, col 64 of module mque: 2671
@!@!@ENDMSG 2221 @!@!@
@!@!@STARTMSG 2221:0 @!@!@
  line 82, col 17 to line 82, col 67 of module mque: 2671
@!@!@ENDMSG 2221 @!@!@
@!@!@STARTMSG 2221:0 @!@!@
  line 83, col 17 to line 83, col 67 of module mque: 2671
@!@!@ENDMSG 2221 @!@!@
@!@!@STARTMSG 2221:0 @!@!@
  line 84, col 17 to line 84, col 41 of module mque: 2671
@!@!@ENDMSG 2221 @!@!@
@!@!@STARTMSG 2772:0 @!@!@
<Write line 88, col 1 to line 88, col 5 of module mque>: 589:2577
@!@!@ENDMSG 2772 @!@!@
@!@!@STARTMSG 2221:0 @!@!@
  line 88, col 13 to line 88, col 34 of module mque: 7099
@!@!@ENDMSG 2221 @!@!@
@!@!@STARTMSG 2221:0 @!@!@
  |line 88, col 13 to line 88, col 24 of module mque: 4522
@!@!@ENDMSG 2221 @!@!@
@!@!@STARTMSG 2221:0 @!@!@
  line 89, col 13 to line 93, col 54 of module mque: 2577
@!@!@ENDMSG 2221 @!@!@
@!@!@STARTMSG 2221:0 @!@!@
  line 94, col 13 to line 94, col 49 of module mque: 2577
@!@!@ENDMSG 2221 @!@!@
@!@!@STARTMSG 2221:0 @!@!@
  line 95, col 13 to line 95, col 50 of module mque: 2577
@!@!@ENDMSG 2221 @!@!@
@!@!@STARTMSG 2772:0 @!@!@
<Read line 99, col 1 to line 99, col 10 of module mque>: 3219:10582
@!@!@ENDMSG 2772 @!@!@
@!@!@STARTMSG 2221:0 @!@!@
  line 99, col 18 to line 99, col 34 of module mque: 14303
@!@!@ENDMSG 2221 @!@!@
@!@!@STARTMSG 2221:0 @!@!@
  |line 99, col 18 to line 99, col 25 of module mque: 9012
@!@!@ENDMSG 2221 @!@!@
@!@!@STARTMSG 2221:0 @!@!@
  line 100, col 18 to line 100, col 30 of module mque: 10710
@!@!@ENDMSG 2221 @!@!@
@!@!@STARTMSG 2221:0 @!@!@
  |line 100, col 18 to line 100, col 22 of module mque: 5419
@!@!@ENDMSG 2221 @!@!@
@!@!@STARTMSG 2221:0 @!@!@
  |line 100, col 27 to line 100, col 30 of module mque: 5419
@!@!@ENDMSG 2221 @!@!@
@!@!@STARTMSG 2221:0 @!@!@
  line 101, col 18 to line 101, col 82 of module mque: 5291
@!@!@ENDMSG 2221 @!@!@
@!@!@STARTMSG 2221:0 @!@!@
  line 102, col 18 to line 102, col 37 of module mque: 5291
@!@!@ENDMSG 2221 @!@!@
@!@!@STARTMSG 2221:0 @!@!@
  line 103, col 18 to line 105, col 66 of module mque: 5291
@!@!@ENDMSG 2221 @!@!@
@!@!@STARTMSG 2221:0 @!@!@
  line 106, col 18 to line 106, col 43 of module mque: 10582
@!@!@ENDMSG 2221 @!@!@
@!@!@STARTMSG 2772:0 @!@!@
<NotifyFailure line 108, col 1 to line 108, col 19 of module mque>: 865:2519
@!@!@ENDMSG 2772 @!@!@
@!@!@STARTMSG 2221:0 @!@!@
  line 108, col 27 to line 108, col 52 of module mque: 11529
@!@!@ENDMSG 2221 @!@!@
@!@!@STARTMSG 2221:0 @!@!@
  |line 108, col 27 to line 108, col 34 of module mque: 9010
@!@!@ENDMSG 2221 @!@!@
@!@!@STARTMSG 2221:0 @!@!@
  line 109, col 27 to line 109, col 86 of module mque: 2519
@!@!@ENDMSG 2221 @!@!@
@!@!@STARTMSG 2221:0 @!@!@
  line 110, col 27 to line 114, col 76 of module mque: 2519
@!@!@ENDMSG 2221 @!@!@
@!@!@STARTMSG 2221:0 @!@!@
  line 115, col 27 to line 115, col 59 of module mque: 2519
@!@!@ENDMSG 2221 @!@!@
@!@!@STARTMSG 2221:0 @!@!@
  line 116, col 27 to line 116, col 40 of module mque: 2519
@!@!@ENDMSG 2221 @!@!@
@!@!@STARTMSG 2202:0 @!@!@
End of statistics.
@!@!@ENDMSG 2202 @!@!@
@!@!@STARTMSG 2200:0 @!@!@
Progress(22) at 2024-05-17 18:33:07: 18,328 states generated (670,536 s/min), 5,942 distinct states found (217,390 ds/min), 1,439 states left on queue.
@!@!@ENDMSG 2200 @!@!@
@!@!@STARTMSG 2199:0 @!@!@
18328 states generated, 5942 distinct states found, 1439 states left on queue.
@!@!@ENDMSG 2199 @!@!@
@!@!@STARTMSG 2194:0 @!@!@
The depth of the complete state graph search is 22.
@!@!@ENDMSG 2194 @!@!@
@!@!@STARTMSG 2268:0 @!@!@
The average outdegree of the complete state graph is 1 (minimum is 0, the maximum 5 and the 95th percentile is 4).
@!@!@ENDMSG 2268 @!@!@
@!@!@STARTMSG 2186:0 @!@!@
Finished in 1651ms at (2024-05-17 18:33:07)
@!@!@ENDMSG 2186 @!@!@
