@!@!@STARTMSG 2262:0 @!@!@
TLC2 Version 2.16 of 31 December 2020 (rev: cdddf55)
@!@!@ENDMSG 2262 @!@!@
@!@!@STARTMSG 2187:0 @!@!@
Running breadth-first search Model-Checking with fp 83 and seed -5827259202268690057 with 4 workers on 8 cores with 587MB heap and 1318MB offheap memory [pid: 2816] (Windows 10 10.0 amd64, AdoptOpenJDK 14.0.1 x86_64, OffHeapDiskFPSet, DiskStateQueue).
@!@!@ENDMSG 2187 @!@!@
@!@!@STARTMSG 2220:0 @!@!@
Starting SANY...
@!@!@ENDMSG 2220 @!@!@
Parsing file C:\tlaplus\workspace\telephone.toolbox\Model_1\MC.tla
Parsing file C:\tlaplus\workspace\telephone.toolbox\Model_1\telephone.tla
Labels added.
Parsing file C:\tlaplus\toolbox\plugins\org.lamport.tlatools_1.0.0.202012311918\tla2sany\StandardModules\TLC.tla
Parsing file C:\tlaplus\toolbox\plugins\org.lamport.tlatools_1.0.0.202012311918\tla2sany\StandardModules\Sequences.tla
Parsing file C:\tlaplus\toolbox\plugins\org.lamport.tlatools_1.0.0.202012311918\tla2sany\StandardModules\Integers.tla
Parsing file C:\tlaplus\toolbox\plugins\org.lamport.tlatools_1.0.0.202012311918\tla2sany\StandardModules\FiniteSets.tla
Parsing file C:\tlaplus\toolbox\plugins\org.lamport.tlatools_1.0.0.202012311918\tla2sany\StandardModules\Naturals.tla
Semantic processing of module Naturals
Semantic processing of module Sequences
Semantic processing of module Integers
Semantic processing of module FiniteSets
Semantic processing of module TLC
Semantic processing of module telephone
Semantic processing of module MC
@!@!@STARTMSG 2219:0 @!@!@
SANY finished.
@!@!@ENDMSG 2219 @!@!@
@!@!@STARTMSG 2185:0 @!@!@
Starting... (2024-05-11 23:38:43)
@!@!@ENDMSG 2185 @!@!@
@!@!@STARTMSG 2189:0 @!@!@
Computing initial states...
@!@!@ENDMSG 2189 @!@!@
@!@!@STARTMSG 2190:0 @!@!@
Finished computing initial states: 1 distinct state generated at 2024-05-11 23:38:43.
@!@!@ENDMSG 2190 @!@!@
@!@!@STARTMSG 2132:1 @!@!@
The first argument of Assert evaluated to FALSE; the second argument was:
"Failure of assertion at line 35, column 5."
@!@!@ENDMSG 2132 @!@!@
@!@!@STARTMSG 2121:1 @!@!@
The behavior up to this point is:
@!@!@ENDMSG 2121 @!@!@
@!@!@STARTMSG 2217:4 @!@!@
1: <Initial predicate>
/\ in_transit = {}
/\ received = <<>>
/\ can_send = TRUE
/\ pc = "Lbl_1"
/\ to_send = <<1, 2, 3>>

@!@!@ENDMSG 2217 @!@!@
@!@!@STARTMSG 2217:4 @!@!@
2: <Lbl_1 line 50, col 10 to line 65, col 30 of module telephone>
/\ in_transit = {1}
/\ received = <<>>
/\ can_send = TRUE
/\ pc = "Lbl_2"
/\ to_send = <<2, 3>>

@!@!@ENDMSG 2217 @!@!@
@!@!@STARTMSG 2217:4 @!@!@
3: <Lbl_2 line 67, col 10 to line 73, col 29 of module telephone>
/\ in_transit = {}
/\ received = <<1>>
/\ can_send = TRUE
/\ pc = "Lbl_1"
/\ to_send = <<2, 3>>

@!@!@ENDMSG 2217 @!@!@
@!@!@STARTMSG 2217:4 @!@!@
4: <Lbl_1 line 50, col 10 to line 65, col 30 of module telephone>
/\ in_transit = {2}
/\ received = <<1>>
/\ can_send = TRUE
/\ pc = "Lbl_1"
/\ to_send = <<3>>

@!@!@ENDMSG 2217 @!@!@
@!@!@STARTMSG 2217:4 @!@!@
5: <Lbl_1 line 50, col 10 to line 65, col 30 of module telephone>
/\ in_transit = {2, 3}
/\ received = <<1>>
/\ can_send = TRUE
/\ pc = "Lbl_2"
/\ to_send = <<>>

@!@!@ENDMSG 2217 @!@!@
@!@!@STARTMSG 2217:4 @!@!@
6: <Lbl_2 line 67, col 10 to line 73, col 29 of module telephone>
/\ in_transit = {2}
/\ received = <<1, 3>>
/\ can_send = TRUE
/\ pc = "Lbl_1"
/\ to_send = <<>>

@!@!@ENDMSG 2217 @!@!@
@!@!@STARTMSG 2217:4 @!@!@
7: <Lbl_1 line 50, col 10 to line 65, col 30 of module telephone>
/\ in_transit = {2}
/\ received = <<1, 3>>
/\ can_send = TRUE
/\ pc = "Lbl_2"
/\ to_send = <<>>

@!@!@ENDMSG 2217 @!@!@
@!@!@STARTMSG 2217:4 @!@!@
8: <Lbl_2 line 67, col 10 to line 73, col 29 of module telephone>
/\ in_transit = {}
/\ received = <<1, 3, 2>>
/\ can_send = TRUE
/\ pc = "Lbl_1"
/\ to_send = <<>>

@!@!@ENDMSG 2217 @!@!@
@!@!@STARTMSG 2103:1 @!@!@
The error occurred when TLC was evaluating the nested
expressions at the following positions:
0. Line 50, column 10 to line 65, column 30 in telephone
1. Line 50, column 13 to line 50, column 24 in telephone
2. Line 51, column 13 to line 64, column 68 in telephone
3. Line 61, column 21 to line 64, column 68 in telephone
4. Line 61, column 24 to line 62, column 75 in telephone


@!@!@ENDMSG 2103 @!@!@
@!@!@STARTMSG 2201:0 @!@!@
The coverage statistics at 2024-05-11 23:38:44
@!@!@ENDMSG 2201 @!@!@
@!@!@STARTMSG 2773:0 @!@!@
<Init line 43, col 1 to line 43, col 4 of module telephone>: 2:2
@!@!@ENDMSG 2773 @!@!@
@!@!@STARTMSG 2221:0 @!@!@
  line 44, col 9 to line 48, col 23 of module telephone: 2
@!@!@ENDMSG 2221 @!@!@
@!@!@STARTMSG 2772:0 @!@!@
<Lbl_1 line 50, col 1 to line 50, col 5 of module telephone>: 21:43
@!@!@ENDMSG 2772 @!@!@
@!@!@STARTMSG 2221:0 @!@!@
  line 50, col 13 to line 50, col 24 of module telephone: 66
@!@!@ENDMSG 2221 @!@!@
@!@!@STARTMSG 2221:0 @!@!@
  |line 50, col 13 to line 50, col 14 of module telephone: 44
@!@!@ENDMSG 2221 @!@!@
@!@!@STARTMSG 2221:0 @!@!@
  line 51, col 16 to line 51, col 33 of module telephone: 27
@!@!@ENDMSG 2221 @!@!@
@!@!@STARTMSG 2221:0 @!@!@
  line 52, col 27 to line 52, col 53 of module telephone: 21
@!@!@ENDMSG 2221 @!@!@
@!@!@STARTMSG 2221:0 @!@!@
  line 53, col 32 to line 55, col 58 of module telephone: 10
@!@!@ENDMSG 2221 @!@!@
@!@!@STARTMSG 2221:0 @!@!@
  line 56, col 35 to line 56, col 38 of module telephone: 11
@!@!@ENDMSG 2221 @!@!@
@!@!@STARTMSG 2221:0 @!@!@
  line 57, col 35 to line 57, col 79 of module telephone: 11
@!@!@ENDMSG 2221 @!@!@
@!@!@STARTMSG 2221:0 @!@!@
  line 58, col 24 to line 60, col 42 of module telephone: 21
@!@!@ENDMSG 2221 @!@!@
@!@!@STARTMSG 2221:0 @!@!@
  line 61, col 24 to line 62, col 75 of module telephone: 1
@!@!@ENDMSG 2221 @!@!@
@!@!@STARTMSG 2221:0 @!@!@
  |line 61, col 31 to line 61, col 50 of module telephone: 6
@!@!@ENDMSG 2221 @!@!@
@!@!@STARTMSG 2221:0 @!@!@
  line 63, col 24 to line 63, col 35 of module telephone: 1
@!@!@ENDMSG 2221 @!@!@
@!@!@STARTMSG 2221:0 @!@!@
  line 64, col 24 to line 64, col 68 of module telephone: 1
@!@!@ENDMSG 2221 @!@!@
@!@!@STARTMSG 2221:0 @!@!@
  line 65, col 13 to line 65, col 30 of module telephone: 43
@!@!@ENDMSG 2221 @!@!@
@!@!@STARTMSG 2772:0 @!@!@
<Lbl_2 line 67, col 1 to line 67, col 5 of module telephone>: 15:23
@!@!@ENDMSG 2772 @!@!@
@!@!@STARTMSG 2221:0 @!@!@
  line 67, col 13 to line 67, col 24 of module telephone: 51
@!@!@ENDMSG 2221 @!@!@
@!@!@STARTMSG 2221:0 @!@!@
  |line 67, col 13 to line 67, col 14 of module telephone: 35
@!@!@ENDMSG 2221 @!@!@
@!@!@STARTMSG 2221:0 @!@!@
  line 69, col 15 to line 71, col 33 of module telephone: 23
@!@!@ENDMSG 2221 @!@!@
@!@!@STARTMSG 2221:0 @!@!@
  line 68, col 24 to line 68, col 33 of module telephone: 16
@!@!@ENDMSG 2221 @!@!@
@!@!@STARTMSG 2221:0 @!@!@
  line 72, col 13 to line 72, col 25 of module telephone: 23
@!@!@ENDMSG 2221 @!@!@
@!@!@STARTMSG 2221:0 @!@!@
  line 73, col 13 to line 73, col 29 of module telephone: 23
@!@!@ENDMSG 2221 @!@!@
@!@!@STARTMSG 2772:0 @!@!@
<Terminating line 76, col 1 to line 76, col 11 of module telephone>: 0:1
@!@!@ENDMSG 2772 @!@!@
@!@!@STARTMSG 2221:0 @!@!@
  line 76, col 16 to line 76, col 26 of module telephone: 33
@!@!@ENDMSG 2221 @!@!@
@!@!@STARTMSG 2221:0 @!@!@
  |line 76, col 16 to line 76, col 17 of module telephone: 32
@!@!@ENDMSG 2221 @!@!@
@!@!@STARTMSG 2221:0 @!@!@
  line 76, col 31 to line 76, col 44 of module telephone: 1
@!@!@ENDMSG 2221 @!@!@
@!@!@STARTMSG 2202:0 @!@!@
End of statistics.
@!@!@ENDMSG 2202 @!@!@
@!@!@STARTMSG 2200:0 @!@!@
Progress(9) at 2024-05-11 23:38:44: 56 states generated (2,854 s/min), 37 distinct states found (1,886 ds/min), 1 states left on queue.
@!@!@ENDMSG 2200 @!@!@
@!@!@STARTMSG 2199:0 @!@!@
56 states generated, 37 distinct states found, 1 states left on queue.
@!@!@ENDMSG 2199 @!@!@
@!@!@STARTMSG 2186:0 @!@!@
Finished in 1191ms at (2024-05-11 23:38:44)
@!@!@ENDMSG 2186 @!@!@
