@!@!@STARTMSG 2262:0 @!@!@
TLC2 Version 2.16 of 31 December 2020 (rev: cdddf55)
@!@!@ENDMSG 2262 @!@!@
@!@!@STARTMSG 2187:0 @!@!@
Running breadth-first search Model-Checking with fp 63 and seed -6770198835390956829 with 4 workers on 8 cores with 1195MB heap and 2683MB offheap memory [pid: 10080] (Windows 10 10.0 amd64, AdoptOpenJDK 14.0.1 x86_64, OffHeapDiskFPSet, DiskStateQueue).
@!@!@ENDMSG 2187 @!@!@
@!@!@STARTMSG 2220:0 @!@!@
Starting SANY...
@!@!@ENDMSG 2220 @!@!@
Parsing file C:\tlaplus\workspace\tlaplus_practice\Database2.toolbox\Model_1\MC.tla
Parsing file C:\tlaplus\workspace\tlaplus_practice\Database2.toolbox\Model_1\Database2.tla
Parsing file C:\tlaplus\toolbox\plugins\org.lamport.tlatools_1.0.0.202012311918\tla2sany\StandardModules\TLC.tla
Parsing file C:\tlaplus\toolbox\plugins\org.lamport.tlatools_1.0.0.202012311918\tla2sany\StandardModules\Integers.tla
Parsing file C:\tlaplus\toolbox\plugins\org.lamport.tlatools_1.0.0.202012311918\tla2sany\StandardModules\Sequences.tla
Parsing file C:\tlaplus\toolbox\plugins\org.lamport.tlatools_1.0.0.202012311918\tla2sany\StandardModules\Naturals.tla
Parsing file C:\tlaplus\toolbox\plugins\org.lamport.tlatools_1.0.0.202012311918\tla2sany\StandardModules\FiniteSets.tla
Semantic processing of module Naturals
Semantic processing of module Integers
Semantic processing of module Sequences
Semantic processing of module FiniteSets
Semantic processing of module TLC
Semantic processing of module Database2
Semantic processing of module MC
@!@!@STARTMSG 2219:0 @!@!@
SANY finished.
@!@!@ENDMSG 2219 @!@!@
@!@!@STARTMSG 2185:0 @!@!@
Starting... (2024-05-26 22:47:37)
@!@!@ENDMSG 2185 @!@!@
@!@!@STARTMSG 2189:0 @!@!@
Computing initial states...
@!@!@ENDMSG 2189 @!@!@
@!@!@STARTMSG 2190:0 @!@!@
Finished computing initial states: 2 distinct states generated at 2024-05-26 22:47:37.
@!@!@ENDMSG 2190 @!@!@
@!@!@STARTMSG 2132:1 @!@!@
The first argument of Assert evaluated to FALSE; the second argument was:
"Failure of assertion at line 53, column 21."
@!@!@ENDMSG 2132 @!@!@
@!@!@STARTMSG 2121:1 @!@!@
The behavior up to this point is:
@!@!@ENDMSG 2121 @!@!@
@!@!@STARTMSG 2217:4 @!@!@
1: <Initial predicate>
/\ result = (c1 :> NULL @@ c2 :> NULL)
/\ query = (c1 :> NULL @@ c2 :> NULL)
/\ db_value = d1
/\ pc = (c1 :> "Request" @@ c2 :> "Request" @@ "Database" :> "DB")

@!@!@ENDMSG 2217 @!@!@
@!@!@STARTMSG 2217:4 @!@!@
2: <Request line 106, col 18 to line 112, col 52 of module Database2>
/\ result = (c1 :> NULL @@ c2 :> NULL)
/\ query = (c1 :> [type |-> "request", request |-> "read"] @@ c2 :> NULL)
/\ db_value = d1
/\ pc = (c1 :> "Confirm" @@ c2 :> "Request" @@ "Database" :> "DB")

@!@!@ENDMSG 2217 @!@!@
@!@!@STARTMSG 2217:4 @!@!@
3: <DB line 90, col 7 to line 102, col 25 of module Database2>
/\ result = (c1 :> NULL @@ c2 :> NULL)
/\ query = (c1 :> [type |-> "response", result |-> d1] @@ c2 :> NULL)
/\ db_value = d1
/\ pc = (c1 :> "Confirm" @@ c2 :> "Request" @@ "Database" :> "DB")

@!@!@ENDMSG 2217 @!@!@
@!@!@STARTMSG 2217:4 @!@!@
4: <Request line 106, col 18 to line 112, col 52 of module Database2>
/\ result = (c1 :> NULL @@ c2 :> NULL)
/\ query = ( c1 :> [type |-> "response", result |-> d1] @@
  c2 :> [type |-> "request", request |-> "write", data |-> d2] )
/\ db_value = d1
/\ pc = (c1 :> "Confirm" @@ c2 :> "Wait" @@ "Database" :> "DB")

@!@!@ENDMSG 2217 @!@!@
@!@!@STARTMSG 2217:4 @!@!@
5: <DB line 90, col 7 to line 102, col 25 of module Database2>
/\ result = (c1 :> NULL @@ c2 :> NULL)
/\ query = ( c1 :> [type |-> "response", result |-> d1] @@
  c2 :> [type |-> "response", result |-> d2] )
/\ db_value = d2
/\ pc = (c1 :> "Confirm" @@ c2 :> "Wait" @@ "Database" :> "DB")

@!@!@ENDMSG 2217 @!@!@
@!@!@STARTMSG 2103:1 @!@!@
The error occurred when TLC was evaluating the nested
expressions at the following positions:
0. Line 114, column 18 to line 120, column 51 in Database2
1. Line 114, column 21 to line 114, column 40 in Database2
2. Line 115, column 21 to line 115, column 49 in Database2
3. Line 116, column 21 to line 116, column 74 in Database2
4. Line 117, column 21 to line 118, column 73 in Database2


@!@!@ENDMSG 2103 @!@!@
@!@!@STARTMSG 2201:0 @!@!@
The coverage statistics at 2024-05-26 22:47:37
@!@!@ENDMSG 2201 @!@!@
@!@!@STARTMSG 2773:0 @!@!@
<Init line 82, col 1 to line 82, col 4 of module Database2>: 4:4
@!@!@ENDMSG 2773 @!@!@
@!@!@STARTMSG 2221:0 @!@!@
  line 83, col 12 to line 83, col 43 of module Database2: 2
@!@!@ENDMSG 2221 @!@!@
@!@!@STARTMSG 2221:0 @!@!@
  line 84, col 12 to line 84, col 28 of module Database2: 2
@!@!@ENDMSG 2221 @!@!@
@!@!@STARTMSG 2221:0 @!@!@
  line 86, col 12 to line 86, col 47 of module Database2: 4
@!@!@ENDMSG 2221 @!@!@
@!@!@STARTMSG 2221:0 @!@!@
  line 87, col 12 to line 88, col 73 of module Database2: 4
@!@!@ENDMSG 2221 @!@!@
@!@!@STARTMSG 2772:0 @!@!@
<DB line 90, col 1 to line 90, col 2 of module Database2>: 52:97
@!@!@ENDMSG 2772 @!@!@
@!@!@STARTMSG 2221:0 @!@!@
  line 90, col 10 to line 90, col 30 of module Database2: 190
@!@!@ENDMSG 2221 @!@!@
@!@!@STARTMSG 2221:0 @!@!@
  |line 90, col 10 to line 90, col 23 of module Database2: 111
@!@!@ENDMSG 2221 @!@!@
@!@!@STARTMSG 2221:0 @!@!@
  line 93, col 20 to line 93, col 38 of module Database2: 97
@!@!@ENDMSG 2221 @!@!@
@!@!@STARTMSG 2221:0 @!@!@
  line 94, col 25 to line 94, col 45 of module Database2: 62
@!@!@ENDMSG 2221 @!@!@
@!@!@STARTMSG 2221:0 @!@!@
  line 95, col 28 to line 98, col 91 of module Database2: 35
@!@!@ENDMSG 2221 @!@!@
@!@!@STARTMSG 2221:0 @!@!@
  line 99, col 28 to line 99, col 45 of module Database2: 35
@!@!@ENDMSG 2221 @!@!@
@!@!@STARTMSG 2221:0 @!@!@
  line 100, col 17 to line 100, col 95 of module Database2: 97
@!@!@ENDMSG 2221 @!@!@
@!@!@STARTMSG 2221:0 @!@!@
  line 91, col 24 to line 91, col 40 of module Database2: 111
@!@!@ENDMSG 2221 @!@!@
@!@!@STARTMSG 2775:0 @!@!@
  |line 74, col 5 to line 74, col 66 of module Database2: 111:208
@!@!@ENDMSG 2775 @!@!@
@!@!@STARTMSG 2221:0 @!@!@
  ||line 74, col 21 to line 74, col 65 of module Database2: 222
@!@!@ENDMSG 2221 @!@!@
@!@!@STARTMSG 2221:0 @!@!@
  |||line 74, col 21 to line 74, col 36 of module Database2: 222
@!@!@ENDMSG 2221 @!@!@
@!@!@STARTMSG 2221:0 @!@!@
  |||line 74, col 41 to line 74, col 65 of module Database2: 180
@!@!@ENDMSG 2221 @!@!@
@!@!@STARTMSG 2221:0 @!@!@
  ||line 74, col 12 to line 74, col 18 of module Database2: 111
@!@!@ENDMSG 2221 @!@!@
@!@!@STARTMSG 2221:0 @!@!@
  line 101, col 10 to line 101, col 47 of module Database2: 97
@!@!@ENDMSG 2221 @!@!@
@!@!@STARTMSG 2221:0 @!@!@
  line 102, col 10 to line 102, col 25 of module Database2: 97
@!@!@ENDMSG 2221 @!@!@
@!@!@STARTMSG 2772:0 @!@!@
<Request line 106, col 1 to line 106, col 13 of module Database2>: 92:195
@!@!@ENDMSG 2772 @!@!@
@!@!@STARTMSG 2221:0 @!@!@
  line 106, col 21 to line 106, col 40 of module Database2: 279
@!@!@ENDMSG 2221 @!@!@
@!@!@STARTMSG 2221:0 @!@!@
  |line 106, col 21 to line 106, col 28 of module Database2: 214
@!@!@ENDMSG 2221 @!@!@
@!@!@STARTMSG 2221:0 @!@!@
  line 107, col 24 to line 108, col 63 of module Database2: 65
@!@!@ENDMSG 2221 @!@!@
@!@!@STARTMSG 2221:0 @!@!@
  line 110, col 29 to line 110, col 121 of module Database2: 130
@!@!@ENDMSG 2221 @!@!@
@!@!@STARTMSG 2221:0 @!@!@
  line 109, col 36 to line 109, col 39 of module Database2: 65
@!@!@ENDMSG 2221 @!@!@
@!@!@STARTMSG 2221:0 @!@!@
  line 111, col 27 to line 111, col 60 of module Database2: 130
@!@!@ENDMSG 2221 @!@!@
@!@!@STARTMSG 2221:0 @!@!@
  line 112, col 21 to line 112, col 52 of module Database2: 195
@!@!@ENDMSG 2221 @!@!@
@!@!@STARTMSG 2772:0 @!@!@
<Confirm line 114, col 1 to line 114, col 13 of module Database2>: 15:25
@!@!@ENDMSG 2772 @!@!@
@!@!@STARTMSG 2221:0 @!@!@
  line 114, col 21 to line 114, col 40 of module Database2: 237
@!@!@ENDMSG 2221 @!@!@
@!@!@STARTMSG 2221:0 @!@!@
  |line 114, col 21 to line 114, col 28 of module Database2: 212
@!@!@ENDMSG 2221 @!@!@
@!@!@STARTMSG 2221:0 @!@!@
  line 115, col 21 to line 115, col 49 of module Database2: 88
@!@!@ENDMSG 2221 @!@!@
@!@!@STARTMSG 2221:0 @!@!@
  |line 115, col 21 to line 115, col 36 of module Database2: 63
@!@!@ENDMSG 2221 @!@!@
@!@!@STARTMSG 2221:0 @!@!@
  line 116, col 21 to line 116, col 74 of module Database2: 25
@!@!@ENDMSG 2221 @!@!@
@!@!@STARTMSG 2221:0 @!@!@
  |line 116, col 31 to line 116, col 74 of module Database2: 29
@!@!@ENDMSG 2221 @!@!@
@!@!@STARTMSG 2221:0 @!@!@
  line 117, col 21 to line 118, col 73 of module Database2: 25
@!@!@ENDMSG 2221 @!@!@
@!@!@STARTMSG 2221:0 @!@!@
  |line 117, col 28 to line 117, col 51 of module Database2: 29
@!@!@ENDMSG 2221 @!@!@
@!@!@STARTMSG 2221:0 @!@!@
  line 119, col 21 to line 119, col 57 of module Database2: 25
@!@!@ENDMSG 2221 @!@!@
@!@!@STARTMSG 2221:0 @!@!@
  line 120, col 21 to line 120, col 51 of module Database2: 25
@!@!@ENDMSG 2221 @!@!@
@!@!@STARTMSG 2772:0 @!@!@
<Wait line 122, col 1 to line 122, col 10 of module Database2>: 17:25
@!@!@ENDMSG 2772 @!@!@
@!@!@STARTMSG 2221:0 @!@!@
  line 122, col 18 to line 122, col 34 of module Database2: 233
@!@!@ENDMSG 2221 @!@!@
@!@!@STARTMSG 2221:0 @!@!@
  |line 122, col 18 to line 122, col 25 of module Database2: 208
@!@!@ENDMSG 2221 @!@!@
@!@!@STARTMSG 2221:0 @!@!@
  line 123, col 18 to line 123, col 46 of module Database2: 111
@!@!@ENDMSG 2221 @!@!@
@!@!@STARTMSG 2221:0 @!@!@
  |line 123, col 18 to line 123, col 33 of module Database2: 86
@!@!@ENDMSG 2221 @!@!@
@!@!@STARTMSG 2221:0 @!@!@
  line 124, col 18 to line 124, col 54 of module Database2: 25
@!@!@ENDMSG 2221 @!@!@
@!@!@STARTMSG 2221:0 @!@!@
  line 125, col 18 to line 125, col 56 of module Database2: 25
@!@!@ENDMSG 2221 @!@!@
@!@!@STARTMSG 2202:0 @!@!@
End of statistics.
@!@!@ENDMSG 2202 @!@!@
@!@!@STARTMSG 2200:0 @!@!@
Progress(6) at 2024-05-26 22:47:37: 335 states generated (18,223 s/min), 178 distinct states found (9,682 ds/min), 72 states left on queue.
@!@!@ENDMSG 2200 @!@!@
@!@!@STARTMSG 2199:0 @!@!@
335 states generated, 178 distinct states found, 72 states left on queue.
@!@!@ENDMSG 2199 @!@!@
@!@!@STARTMSG 2186:0 @!@!@
Finished in 1110ms at (2024-05-26 22:47:37)
@!@!@ENDMSG 2186 @!@!@
